
AVRASM ver. 2.1.30  C:\cvavr2\bin\Lab6_FIRwithMatlab\List\Lab6.asm Fri Aug 23 20:24:29 2024

C:\cvavr2\bin\Lab6_FIRwithMatlab\List\Lab6.asm(1059): warning: Register r5 already defined by the .DEF directive
C:\cvavr2\bin\Lab6_FIRwithMatlab\List\Lab6.asm(1060): warning: Register r4 already defined by the .DEF directive
C:\cvavr2\bin\Lab6_FIRwithMatlab\List\Lab6.asm(1061): warning: Register r7 already defined by the .DEF directive
C:\cvavr2\bin\Lab6_FIRwithMatlab\List\Lab6.asm(1062): warning: Register r6 already defined by the .DEF directive
C:\cvavr2\bin\Lab6_FIRwithMatlab\List\Lab6.asm(1063): warning: Register r9 already defined by the .DEF directive
C:\cvavr2\bin\Lab6_FIRwithMatlab\List\Lab6.asm(1064): warning: Register r8 already defined by the .DEF directive
C:\cvavr2\bin\Lab6_FIRwithMatlab\List\Lab6.asm(1065): warning: Register r11 already defined by the .DEF directive
C:\cvavr2\bin\Lab6_FIRwithMatlab\List\Lab6.asm(1066): warning: Register r10 already defined by the .DEF directive
                 
                 
                 ;CodeVisionAVR C Compiler V2.05.0 Professional
                 ;(C) Copyright 1998-2010 Pavel Haiduc, HP InfoTech s.r.l.
                 ;http://www.hpinfotech.com
                 
                 ;Chip type                : ATmega16
                 ;Program type             : Application
                 ;Clock frequency          : 16.000000 MHz
                 ;Memory model             : Small
                 ;Optimize for             : Size
                 ;(s)printf features       : int, width
                 ;(s)scanf features        : int, width
                 ;External RAM size        : 0
                 ;Data Stack size          : 256 byte(s)
                 ;Heap size                : 0 byte(s)
                 ;Promote 'char' to 'int'  : Yes
                 ;'char' is unsigned       : Yes
                 ;8 bit enums              : Yes
                 ;global 'const' stored in FLASH: No
                 ;Enhanced core instructions    : On
                 ;Smart register allocation     : On
                 ;Automatic register allocation : On
                 
                 	#pragma AVRPART ADMIN PART_NAME ATmega16
                 	#pragma AVRPART MEMORY PROG_FLASH 16384
                 	#pragma AVRPART MEMORY EEPROM 512
                 	#pragma AVRPART MEMORY INT_SRAM SIZE 1119
                 	#pragma AVRPART MEMORY INT_SRAM START_ADDR 0x60
                 
                 	#define CALL_SUPPORTED 1
                 
                 	.LISTMAC
                 	.EQU UDRE=0x5
                 	.EQU RXC=0x7
                 	.EQU USR=0xB
                 	.EQU UDR=0xC
                 	.EQU SPSR=0xE
                 	.EQU SPDR=0xF
                 	.EQU EERE=0x0
                 	.EQU EEWE=0x1
                 	.EQU EEMWE=0x2
                 	.EQU EECR=0x1C
                 	.EQU EEDR=0x1D
                 	.EQU EEARL=0x1E
                 	.EQU EEARH=0x1F
                 	.EQU WDTCR=0x21
                 	.EQU MCUCR=0x35
                 	.EQU GICR=0x3B
                 	.EQU SPL=0x3D
                 	.EQU SPH=0x3E
                 	.EQU SREG=0x3F
                 
                 	.DEF R0X0=R0
                 	.DEF R0X1=R1
                 	.DEF R0X2=R2
                 	.DEF R0X3=R3
                 	.DEF R0X4=R4
                 	.DEF R0X5=R5
                 	.DEF R0X6=R6
                 	.DEF R0X7=R7
                 	.DEF R0X8=R8
                 	.DEF R0X9=R9
                 	.DEF R0XA=R10
                 	.DEF R0XB=R11
                 	.DEF R0XC=R12
                 	.DEF R0XD=R13
                 	.DEF R0XE=R14
                 	.DEF R0XF=R15
                 	.DEF R0X10=R16
                 	.DEF R0X11=R17
                 	.DEF R0X12=R18
                 	.DEF R0X13=R19
                 	.DEF R0X14=R20
                 	.DEF R0X15=R21
                 	.DEF R0X16=R22
                 	.DEF R0X17=R23
                 	.DEF R0X18=R24
                 	.DEF R0X19=R25
                 	.DEF R0X1A=R26
                 	.DEF R0X1B=R27
                 	.DEF R0X1C=R28
                 	.DEF R0X1D=R29
                 	.DEF R0X1E=R30
                 	.DEF R0X1F=R31
                 
                 	.EQU __SRAM_START=0x0060
                 	.EQU __SRAM_END=0x045F
                 	.EQU __DSTACK_SIZE=0x0100
                 	.EQU __HEAP_SIZE=0x0000
                 	.EQU __CLEAR_SRAM_SIZE=__SRAM_END-__SRAM_START+1
                 
                 	.MACRO __CPD1N
                 	CPI  R30,LOW(@0)
                 	LDI  R26,HIGH(@0)
                 	CPC  R31,R26
                 	LDI  R26,BYTE3(@0)
                 	CPC  R22,R26
                 	LDI  R26,BYTE4(@0)
                 	CPC  R23,R26
                 	.ENDM
                 
                 	.MACRO __CPD2N
                 	CPI  R26,LOW(@0)
                 	LDI  R30,HIGH(@0)
                 	CPC  R27,R30
                 	LDI  R30,BYTE3(@0)
                 	CPC  R24,R30
                 	LDI  R30,BYTE4(@0)
                 	CPC  R25,R30
                 	.ENDM
                 
                 	.MACRO __CPWRR
                 	CP   R@0,R@2
                 	CPC  R@1,R@3
                 	.ENDM
                 
                 	.MACRO __CPWRN
                 	CPI  R@0,LOW(@2)
                 	LDI  R30,HIGH(@2)
                 	CPC  R@1,R30
                 	.ENDM
                 
                 	.MACRO __ADDB1MN
                 	SUBI R30,LOW(-@0-(@1))
                 	.ENDM
                 
                 	.MACRO __ADDB2MN
                 	SUBI R26,LOW(-@0-(@1))
                 	.ENDM
                 
                 	.MACRO __ADDW1MN
                 	SUBI R30,LOW(-@0-(@1))
                 	SBCI R31,HIGH(-@0-(@1))
                 	.ENDM
                 
                 	.MACRO __ADDW2MN
                 	SUBI R26,LOW(-@0-(@1))
                 	SBCI R27,HIGH(-@0-(@1))
                 	.ENDM
                 
                 	.MACRO __ADDW1FN
                 	SUBI R30,LOW(-2*@0-(@1))
                 	SBCI R31,HIGH(-2*@0-(@1))
                 	.ENDM
                 
                 	.MACRO __ADDD1FN
                 	SUBI R30,LOW(-2*@0-(@1))
                 	SBCI R31,HIGH(-2*@0-(@1))
                 	SBCI R22,BYTE3(-2*@0-(@1))
                 	.ENDM
                 
                 	.MACRO __ADDD1N
                 	SUBI R30,LOW(-@0)
                 	SBCI R31,HIGH(-@0)
                 	SBCI R22,BYTE3(-@0)
                 	SBCI R23,BYTE4(-@0)
                 	.ENDM
                 
                 	.MACRO __ADDD2N
                 	SUBI R26,LOW(-@0)
                 	SBCI R27,HIGH(-@0)
                 	SBCI R24,BYTE3(-@0)
                 	SBCI R25,BYTE4(-@0)
                 	.ENDM
                 
                 	.MACRO __SUBD1N
                 	SUBI R30,LOW(@0)
                 	SBCI R31,HIGH(@0)
                 	SBCI R22,BYTE3(@0)
                 	SBCI R23,BYTE4(@0)
                 	.ENDM
                 
                 	.MACRO __SUBD2N
                 	SUBI R26,LOW(@0)
                 	SBCI R27,HIGH(@0)
                 	SBCI R24,BYTE3(@0)
                 	SBCI R25,BYTE4(@0)
                 	.ENDM
                 
                 	.MACRO __ANDBMNN
                 	LDS  R30,@0+(@1)
                 	ANDI R30,LOW(@2)
                 	STS  @0+(@1),R30
                 	.ENDM
                 
                 	.MACRO __ANDWMNN
                 	LDS  R30,@0+(@1)
                 	ANDI R30,LOW(@2)
                 	STS  @0+(@1),R30
                 	LDS  R30,@0+(@1)+1
                 	ANDI R30,HIGH(@2)
                 	STS  @0+(@1)+1,R30
                 	.ENDM
                 
                 	.MACRO __ANDD1N
                 	ANDI R30,LOW(@0)
                 	ANDI R31,HIGH(@0)
                 	ANDI R22,BYTE3(@0)
                 	ANDI R23,BYTE4(@0)
                 	.ENDM
                 
                 	.MACRO __ANDD2N
                 	ANDI R26,LOW(@0)
                 	ANDI R27,HIGH(@0)
                 	ANDI R24,BYTE3(@0)
                 	ANDI R25,BYTE4(@0)
                 	.ENDM
                 
                 	.MACRO __ORBMNN
                 	LDS  R30,@0+(@1)
                 	ORI  R30,LOW(@2)
                 	STS  @0+(@1),R30
                 	.ENDM
                 
                 	.MACRO __ORWMNN
                 	LDS  R30,@0+(@1)
                 	ORI  R30,LOW(@2)
                 	STS  @0+(@1),R30
                 	LDS  R30,@0+(@1)+1
                 	ORI  R30,HIGH(@2)
                 	STS  @0+(@1)+1,R30
                 	.ENDM
                 
                 	.MACRO __ORD1N
                 	ORI  R30,LOW(@0)
                 	ORI  R31,HIGH(@0)
                 	ORI  R22,BYTE3(@0)
                 	ORI  R23,BYTE4(@0)
                 	.ENDM
                 
                 	.MACRO __ORD2N
                 	ORI  R26,LOW(@0)
                 	ORI  R27,HIGH(@0)
                 	ORI  R24,BYTE3(@0)
                 	ORI  R25,BYTE4(@0)
                 	.ENDM
                 
                 	.MACRO __DELAY_USB
                 	LDI  R24,LOW(@0)
                 __DELAY_USB_LOOP:
                 	DEC  R24
                 	BRNE __DELAY_USB_LOOP
                 	.ENDM
                 
                 	.MACRO __DELAY_USW
                 	LDI  R24,LOW(@0)
                 	LDI  R25,HIGH(@0)
                 __DELAY_USW_LOOP:
                 	SBIW R24,1
                 	BRNE __DELAY_USW_LOOP
                 	.ENDM
                 
                 	.MACRO __GETD1S
                 	LDD  R30,Y+@0
                 	LDD  R31,Y+@0+1
                 	LDD  R22,Y+@0+2
                 	LDD  R23,Y+@0+3
                 	.ENDM
                 
                 	.MACRO __GETD2S
                 	LDD  R26,Y+@0
                 	LDD  R27,Y+@0+1
                 	LDD  R24,Y+@0+2
                 	LDD  R25,Y+@0+3
                 	.ENDM
                 
                 	.MACRO __PUTD1S
                 	STD  Y+@0,R30
                 	STD  Y+@0+1,R31
                 	STD  Y+@0+2,R22
                 	STD  Y+@0+3,R23
                 	.ENDM
                 
                 	.MACRO __PUTD2S
                 	STD  Y+@0,R26
                 	STD  Y+@0+1,R27
                 	STD  Y+@0+2,R24
                 	STD  Y+@0+3,R25
                 	.ENDM
                 
                 	.MACRO __PUTDZ2
                 	STD  Z+@0,R26
                 	STD  Z+@0+1,R27
                 	STD  Z+@0+2,R24
                 	STD  Z+@0+3,R25
                 	.ENDM
                 
                 	.MACRO __CLRD1S
                 	STD  Y+@0,R30
                 	STD  Y+@0+1,R30
                 	STD  Y+@0+2,R30
                 	STD  Y+@0+3,R30
                 	.ENDM
                 
                 	.MACRO __POINTB1MN
                 	LDI  R30,LOW(@0+(@1))
                 	.ENDM
                 
                 	.MACRO __POINTW1MN
                 	LDI  R30,LOW(@0+(@1))
                 	LDI  R31,HIGH(@0+(@1))
                 	.ENDM
                 
                 	.MACRO __POINTD1M
                 	LDI  R30,LOW(@0)
                 	LDI  R31,HIGH(@0)
                 	LDI  R22,BYTE3(@0)
                 	LDI  R23,BYTE4(@0)
                 	.ENDM
                 
                 	.MACRO __POINTW1FN
                 	LDI  R30,LOW(2*@0+(@1))
                 	LDI  R31,HIGH(2*@0+(@1))
                 	.ENDM
                 
                 	.MACRO __POINTD1FN
                 	LDI  R30,LOW(2*@0+(@1))
                 	LDI  R31,HIGH(2*@0+(@1))
                 	LDI  R22,BYTE3(2*@0+(@1))
                 	LDI  R23,BYTE4(2*@0+(@1))
                 	.ENDM
                 
                 	.MACRO __POINTB2MN
                 	LDI  R26,LOW(@0+(@1))
                 	.ENDM
                 
                 	.MACRO __POINTW2MN
                 	LDI  R26,LOW(@0+(@1))
                 	LDI  R27,HIGH(@0+(@1))
                 	.ENDM
                 
                 	.MACRO __POINTBRM
                 	LDI  R@0,LOW(@1)
                 	.ENDM
                 
                 	.MACRO __POINTWRM
                 	LDI  R@0,LOW(@2)
                 	LDI  R@1,HIGH(@2)
                 	.ENDM
                 
                 	.MACRO __POINTBRMN
                 	LDI  R@0,LOW(@1+(@2))
                 	.ENDM
                 
                 	.MACRO __POINTWRMN
                 	LDI  R@0,LOW(@2+(@3))
                 	LDI  R@1,HIGH(@2+(@3))
                 	.ENDM
                 
                 	.MACRO __POINTWRFN
                 	LDI  R@0,LOW(@2*2+(@3))
                 	LDI  R@1,HIGH(@2*2+(@3))
                 	.ENDM
                 
                 	.MACRO __GETD1N
                 	LDI  R30,LOW(@0)
                 	LDI  R31,HIGH(@0)
                 	LDI  R22,BYTE3(@0)
                 	LDI  R23,BYTE4(@0)
                 	.ENDM
                 
                 	.MACRO __GETD2N
                 	LDI  R26,LOW(@0)
                 	LDI  R27,HIGH(@0)
                 	LDI  R24,BYTE3(@0)
                 	LDI  R25,BYTE4(@0)
                 	.ENDM
                 
                 	.MACRO __GETB1MN
                 	LDS  R30,@0+(@1)
                 	.ENDM
                 
                 	.MACRO __GETB1HMN
                 	LDS  R31,@0+(@1)
                 	.ENDM
                 
                 	.MACRO __GETW1MN
                 	LDS  R30,@0+(@1)
                 	LDS  R31,@0+(@1)+1
                 	.ENDM
                 
                 	.MACRO __GETD1MN
                 	LDS  R30,@0+(@1)
                 	LDS  R31,@0+(@1)+1
                 	LDS  R22,@0+(@1)+2
                 	LDS  R23,@0+(@1)+3
                 	.ENDM
                 
                 	.MACRO __GETBRMN
                 	LDS  R@0,@1+(@2)
                 	.ENDM
                 
                 	.MACRO __GETWRMN
                 	LDS  R@0,@2+(@3)
                 	LDS  R@1,@2+(@3)+1
                 	.ENDM
                 
                 	.MACRO __GETWRZ
                 	LDD  R@0,Z+@2
                 	LDD  R@1,Z+@2+1
                 	.ENDM
                 
                 	.MACRO __GETD2Z
                 	LDD  R26,Z+@0
                 	LDD  R27,Z+@0+1
                 	LDD  R24,Z+@0+2
                 	LDD  R25,Z+@0+3
                 	.ENDM
                 
                 	.MACRO __GETB2MN
                 	LDS  R26,@0+(@1)
                 	.ENDM
                 
                 	.MACRO __GETW2MN
                 	LDS  R26,@0+(@1)
                 	LDS  R27,@0+(@1)+1
                 	.ENDM
                 
                 	.MACRO __GETD2MN
                 	LDS  R26,@0+(@1)
                 	LDS  R27,@0+(@1)+1
                 	LDS  R24,@0+(@1)+2
                 	LDS  R25,@0+(@1)+3
                 	.ENDM
                 
                 	.MACRO __PUTB1MN
                 	STS  @0+(@1),R30
                 	.ENDM
                 
                 	.MACRO __PUTW1MN
                 	STS  @0+(@1),R30
                 	STS  @0+(@1)+1,R31
                 	.ENDM
                 
                 	.MACRO __PUTD1MN
                 	STS  @0+(@1),R30
                 	STS  @0+(@1)+1,R31
                 	STS  @0+(@1)+2,R22
                 	STS  @0+(@1)+3,R23
                 	.ENDM
                 
                 	.MACRO __PUTB1EN
                 	LDI  R26,LOW(@0+(@1))
                 	LDI  R27,HIGH(@0+(@1))
                 	CALL __EEPROMWRB
                 	.ENDM
                 
                 	.MACRO __PUTW1EN
                 	LDI  R26,LOW(@0+(@1))
                 	LDI  R27,HIGH(@0+(@1))
                 	CALL __EEPROMWRW
                 	.ENDM
                 
                 	.MACRO __PUTD1EN
                 	LDI  R26,LOW(@0+(@1))
                 	LDI  R27,HIGH(@0+(@1))
                 	CALL __EEPROMWRD
                 	.ENDM
                 
                 	.MACRO __PUTBR0MN
                 	STS  @0+(@1),R0
                 	.ENDM
                 
                 	.MACRO __PUTBMRN
                 	STS  @0+(@1),R@2
                 	.ENDM
                 
                 	.MACRO __PUTWMRN
                 	STS  @0+(@1),R@2
                 	STS  @0+(@1)+1,R@3
                 	.ENDM
                 
                 	.MACRO __PUTBZR
                 	STD  Z+@1,R@0
                 	.ENDM
                 
                 	.MACRO __PUTWZR
                 	STD  Z+@2,R@0
                 	STD  Z+@2+1,R@1
                 	.ENDM
                 
                 	.MACRO __GETW1R
                 	MOV  R30,R@0
                 	MOV  R31,R@1
                 	.ENDM
                 
                 	.MACRO __GETW2R
                 	MOV  R26,R@0
                 	MOV  R27,R@1
                 	.ENDM
                 
                 	.MACRO __GETWRN
                 	LDI  R@0,LOW(@2)
                 	LDI  R@1,HIGH(@2)
                 	.ENDM
                 
                 	.MACRO __PUTW1R
                 	MOV  R@0,R30
                 	MOV  R@1,R31
                 	.ENDM
                 
                 	.MACRO __PUTW2R
                 	MOV  R@0,R26
                 	MOV  R@1,R27
                 	.ENDM
                 
                 	.MACRO __ADDWRN
                 	SUBI R@0,LOW(-@2)
                 	SBCI R@1,HIGH(-@2)
                 	.ENDM
                 
                 	.MACRO __ADDWRR
                 	ADD  R@0,R@2
                 	ADC  R@1,R@3
                 	.ENDM
                 
                 	.MACRO __SUBWRN
                 	SUBI R@0,LOW(@2)
                 	SBCI R@1,HIGH(@2)
                 	.ENDM
                 
                 	.MACRO __SUBWRR
                 	SUB  R@0,R@2
                 	SBC  R@1,R@3
                 	.ENDM
                 
                 	.MACRO __ANDWRN
                 	ANDI R@0,LOW(@2)
                 	ANDI R@1,HIGH(@2)
                 	.ENDM
                 
                 	.MACRO __ANDWRR
                 	AND  R@0,R@2
                 	AND  R@1,R@3
                 	.ENDM
                 
                 	.MACRO __ORWRN
                 	ORI  R@0,LOW(@2)
                 	ORI  R@1,HIGH(@2)
                 	.ENDM
                 
                 	.MACRO __ORWRR
                 	OR   R@0,R@2
                 	OR   R@1,R@3
                 	.ENDM
                 
                 	.MACRO __EORWRR
                 	EOR  R@0,R@2
                 	EOR  R@1,R@3
                 	.ENDM
                 
                 	.MACRO __GETWRS
                 	LDD  R@0,Y+@2
                 	LDD  R@1,Y+@2+1
                 	.ENDM
                 
                 	.MACRO __PUTBSR
                 	STD  Y+@1,R@0
                 	.ENDM
                 
                 	.MACRO __PUTWSR
                 	STD  Y+@2,R@0
                 	STD  Y+@2+1,R@1
                 	.ENDM
                 
                 	.MACRO __MOVEWRR
                 	MOV  R@0,R@2
                 	MOV  R@1,R@3
                 	.ENDM
                 
                 	.MACRO __INWR
                 	IN   R@0,@2
                 	IN   R@1,@2+1
                 	.ENDM
                 
                 	.MACRO __OUTWR
                 	OUT  @2+1,R@1
                 	OUT  @2,R@0
                 	.ENDM
                 
                 	.MACRO __CALL1MN
                 	LDS  R30,@0+(@1)
                 	LDS  R31,@0+(@1)+1
                 	ICALL
                 	.ENDM
                 
                 	.MACRO __CALL1FN
                 	LDI  R30,LOW(2*@0+(@1))
                 	LDI  R31,HIGH(2*@0+(@1))
                 	CALL __GETW1PF
                 	ICALL
                 	.ENDM
                 
                 	.MACRO __CALL2EN
                 	LDI  R26,LOW(@0+(@1))
                 	LDI  R27,HIGH(@0+(@1))
                 	CALL __EEPROMRDW
                 	ICALL
                 	.ENDM
                 
                 	.MACRO __GETW1STACK
                 	IN   R26,SPL
                 	IN   R27,SPH
                 	ADIW R26,@0+1
                 	LD   R30,X+
                 	LD   R31,X
                 	.ENDM
                 
                 	.MACRO __GETD1STACK
                 	IN   R26,SPL
                 	IN   R27,SPH
                 	ADIW R26,@0+1
                 	LD   R30,X+
                 	LD   R31,X+
                 	LD   R22,X
                 	.ENDM
                 
                 	.MACRO __NBST
                 	BST  R@0,@1
                 	IN   R30,SREG
                 	LDI  R31,0x40
                 	EOR  R30,R31
                 	OUT  SREG,R30
                 	.ENDM
                 
                 
                 	.MACRO __PUTB1SN
                 	LDD  R26,Y+@0
                 	LDD  R27,Y+@0+1
                 	SUBI R26,LOW(-@1)
                 	SBCI R27,HIGH(-@1)
                 	ST   X,R30
                 	.ENDM
                 
                 	.MACRO __PUTW1SN
                 	LDD  R26,Y+@0
                 	LDD  R27,Y+@0+1
                 	SUBI R26,LOW(-@1)
                 	SBCI R27,HIGH(-@1)
                 	ST   X+,R30
                 	ST   X,R31
                 	.ENDM
                 
                 	.MACRO __PUTD1SN
                 	LDD  R26,Y+@0
                 	LDD  R27,Y+@0+1
                 	SUBI R26,LOW(-@1)
                 	SBCI R27,HIGH(-@1)
                 	CALL __PUTDP1
                 	.ENDM
                 
                 	.MACRO __PUTB1SNS
                 	LDD  R26,Y+@0
                 	LDD  R27,Y+@0+1
                 	ADIW R26,@1
                 	ST   X,R30
                 	.ENDM
                 
                 	.MACRO __PUTW1SNS
                 	LDD  R26,Y+@0
                 	LDD  R27,Y+@0+1
                 	ADIW R26,@1
                 	ST   X+,R30
                 	ST   X,R31
                 	.ENDM
                 
                 	.MACRO __PUTD1SNS
                 	LDD  R26,Y+@0
                 	LDD  R27,Y+@0+1
                 	ADIW R26,@1
                 	CALL __PUTDP1
                 	.ENDM
                 
                 	.MACRO __PUTB1PMN
                 	LDS  R26,@0
                 	LDS  R27,@0+1
                 	SUBI R26,LOW(-@1)
                 	SBCI R27,HIGH(-@1)
                 	ST   X,R30
                 	.ENDM
                 
                 	.MACRO __PUTW1PMN
                 	LDS  R26,@0
                 	LDS  R27,@0+1
                 	SUBI R26,LOW(-@1)
                 	SBCI R27,HIGH(-@1)
                 	ST   X+,R30
                 	ST   X,R31
                 	.ENDM
                 
                 	.MACRO __PUTD1PMN
                 	LDS  R26,@0
                 	LDS  R27,@0+1
                 	SUBI R26,LOW(-@1)
                 	SBCI R27,HIGH(-@1)
                 	CALL __PUTDP1
                 	.ENDM
                 
                 	.MACRO __PUTB1PMNS
                 	LDS  R26,@0
                 	LDS  R27,@0+1
                 	ADIW R26,@1
                 	ST   X,R30
                 	.ENDM
                 
                 	.MACRO __PUTW1PMNS
                 	LDS  R26,@0
                 	LDS  R27,@0+1
                 	ADIW R26,@1
                 	ST   X+,R30
                 	ST   X,R31
                 	.ENDM
                 
                 	.MACRO __PUTD1PMNS
                 	LDS  R26,@0
                 	LDS  R27,@0+1
                 	ADIW R26,@1
                 	CALL __PUTDP1
                 	.ENDM
                 
                 	.MACRO __PUTB1RN
                 	MOVW R26,R@0
                 	SUBI R26,LOW(-@1)
                 	SBCI R27,HIGH(-@1)
                 	ST   X,R30
                 	.ENDM
                 
                 	.MACRO __PUTW1RN
                 	MOVW R26,R@0
                 	SUBI R26,LOW(-@1)
                 	SBCI R27,HIGH(-@1)
                 	ST   X+,R30
                 	ST   X,R31
                 	.ENDM
                 
                 	.MACRO __PUTD1RN
                 	MOVW R26,R@0
                 	SUBI R26,LOW(-@1)
                 	SBCI R27,HIGH(-@1)
                 	CALL __PUTDP1
                 	.ENDM
                 
                 	.MACRO __PUTB1RNS
                 	MOVW R26,R@0
                 	ADIW R26,@1
                 	ST   X,R30
                 	.ENDM
                 
                 	.MACRO __PUTW1RNS
                 	MOVW R26,R@0
                 	ADIW R26,@1
                 	ST   X+,R30
                 	ST   X,R31
                 	.ENDM
                 
                 	.MACRO __PUTD1RNS
                 	MOVW R26,R@0
                 	ADIW R26,@1
                 	CALL __PUTDP1
                 	.ENDM
                 
                 	.MACRO __PUTB1RON
                 	MOV  R26,R@0
                 	MOV  R27,R@1
                 	SUBI R26,LOW(-@2)
                 	SBCI R27,HIGH(-@2)
                 	ST   X,R30
                 	.ENDM
                 
                 	.MACRO __PUTW1RON
                 	MOV  R26,R@0
                 	MOV  R27,R@1
                 	SUBI R26,LOW(-@2)
                 	SBCI R27,HIGH(-@2)
                 	ST   X+,R30
                 	ST   X,R31
                 	.ENDM
                 
                 	.MACRO __PUTD1RON
                 	MOV  R26,R@0
                 	MOV  R27,R@1
                 	SUBI R26,LOW(-@2)
                 	SBCI R27,HIGH(-@2)
                 	CALL __PUTDP1
                 	.ENDM
                 
                 	.MACRO __PUTB1RONS
                 	MOV  R26,R@0
                 	MOV  R27,R@1
                 	ADIW R26,@2
                 	ST   X,R30
                 	.ENDM
                 
                 	.MACRO __PUTW1RONS
                 	MOV  R26,R@0
                 	MOV  R27,R@1
                 	ADIW R26,@2
                 	ST   X+,R30
                 	ST   X,R31
                 	.ENDM
                 
                 	.MACRO __PUTD1RONS
                 	MOV  R26,R@0
                 	MOV  R27,R@1
                 	ADIW R26,@2
                 	CALL __PUTDP1
                 	.ENDM
                 
                 
                 	.MACRO __GETB1SX
                 	MOVW R30,R28
                 	SUBI R30,LOW(-@0)
                 	SBCI R31,HIGH(-@0)
                 	LD   R30,Z
                 	.ENDM
                 
                 	.MACRO __GETB1HSX
                 	MOVW R30,R28
                 	SUBI R30,LOW(-@0)
                 	SBCI R31,HIGH(-@0)
                 	LD   R31,Z
                 	.ENDM
                 
                 	.MACRO __GETW1SX
                 	MOVW R30,R28
                 	SUBI R30,LOW(-@0)
                 	SBCI R31,HIGH(-@0)
                 	LD   R0,Z+
                 	LD   R31,Z
                 	MOV  R30,R0
                 	.ENDM
                 
                 	.MACRO __GETD1SX
                 	MOVW R30,R28
                 	SUBI R30,LOW(-@0)
                 	SBCI R31,HIGH(-@0)
                 	LD   R0,Z+
                 	LD   R1,Z+
                 	LD   R22,Z+
                 	LD   R23,Z
                 	MOVW R30,R0
                 	.ENDM
                 
                 	.MACRO __GETB2SX
                 	MOVW R26,R28
                 	SUBI R26,LOW(-@0)
                 	SBCI R27,HIGH(-@0)
                 	LD   R26,X
                 	.ENDM
                 
                 	.MACRO __GETW2SX
                 	MOVW R26,R28
                 	SUBI R26,LOW(-@0)
                 	SBCI R27,HIGH(-@0)
                 	LD   R0,X+
                 	LD   R27,X
                 	MOV  R26,R0
                 	.ENDM
                 
                 	.MACRO __GETD2SX
                 	MOVW R26,R28
                 	SUBI R26,LOW(-@0)
                 	SBCI R27,HIGH(-@0)
                 	LD   R0,X+
                 	LD   R1,X+
                 	LD   R24,X+
                 	LD   R25,X
                 	MOVW R26,R0
                 	.ENDM
                 
                 	.MACRO __GETBRSX
                 	MOVW R30,R28
                 	SUBI R30,LOW(-@1)
                 	SBCI R31,HIGH(-@1)
                 	LD   R@0,Z
                 	.ENDM
                 
                 	.MACRO __GETWRSX
                 	MOVW R30,R28
                 	SUBI R30,LOW(-@2)
                 	SBCI R31,HIGH(-@2)
                 	LD   R@0,Z+
                 	LD   R@1,Z
                 	.ENDM
                 
                 	.MACRO __GETBRSX2
                 	MOVW R26,R28
                 	SUBI R26,LOW(-@1)
                 	SBCI R27,HIGH(-@1)
                 	LD   R@0,X
                 	.ENDM
                 
                 	.MACRO __GETWRSX2
                 	MOVW R26,R28
                 	SUBI R26,LOW(-@2)
                 	SBCI R27,HIGH(-@2)
                 	LD   R@0,X+
                 	LD   R@1,X
                 	.ENDM
                 
                 	.MACRO __LSLW8SX
                 	MOVW R30,R28
                 	SUBI R30,LOW(-@0)
                 	SBCI R31,HIGH(-@0)
                 	LD   R31,Z
                 	CLR  R30
                 	.ENDM
                 
                 	.MACRO __PUTB1SX
                 	MOVW R26,R28
                 	SUBI R26,LOW(-@0)
                 	SBCI R27,HIGH(-@0)
                 	ST   X,R30
                 	.ENDM
                 
                 	.MACRO __PUTW1SX
                 	MOVW R26,R28
                 	SUBI R26,LOW(-@0)
                 	SBCI R27,HIGH(-@0)
                 	ST   X+,R30
                 	ST   X,R31
                 	.ENDM
                 
                 	.MACRO __PUTD1SX
                 	MOVW R26,R28
                 	SUBI R26,LOW(-@0)
                 	SBCI R27,HIGH(-@0)
                 	ST   X+,R30
                 	ST   X+,R31
                 	ST   X+,R22
                 	ST   X,R23
                 	.ENDM
                 
                 	.MACRO __CLRW1SX
                 	MOVW R26,R28
                 	SUBI R26,LOW(-@0)
                 	SBCI R27,HIGH(-@0)
                 	ST   X+,R30
                 	ST   X,R30
                 	.ENDM
                 
                 	.MACRO __CLRD1SX
                 	MOVW R26,R28
                 	SUBI R26,LOW(-@0)
                 	SBCI R27,HIGH(-@0)
                 	ST   X+,R30
                 	ST   X+,R30
                 	ST   X+,R30
                 	ST   X,R30
                 	.ENDM
                 
                 	.MACRO __PUTB2SX
                 	MOVW R30,R28
                 	SUBI R30,LOW(-@0)
                 	SBCI R31,HIGH(-@0)
                 	ST   Z,R26
                 	.ENDM
                 
                 	.MACRO __PUTW2SX
                 	MOVW R30,R28
                 	SUBI R30,LOW(-@0)
                 	SBCI R31,HIGH(-@0)
                 	ST   Z+,R26
                 	ST   Z,R27
                 	.ENDM
                 
                 	.MACRO __PUTD2SX
                 	MOVW R30,R28
                 	SUBI R30,LOW(-@0)
                 	SBCI R31,HIGH(-@0)
                 	ST   Z+,R26
                 	ST   Z+,R27
                 	ST   Z+,R24
                 	ST   Z,R25
                 	.ENDM
                 
                 	.MACRO __PUTBSRX
                 	MOVW R30,R28
                 	SUBI R30,LOW(-@1)
                 	SBCI R31,HIGH(-@1)
                 	ST   Z,R@0
                 	.ENDM
                 
                 	.MACRO __PUTWSRX
                 	MOVW R30,R28
                 	SUBI R30,LOW(-@2)
                 	SBCI R31,HIGH(-@2)
                 	ST   Z+,R@0
                 	ST   Z,R@1
                 	.ENDM
                 
                 	.MACRO __PUTB1SNX
                 	MOVW R26,R28
                 	SUBI R26,LOW(-@0)
                 	SBCI R27,HIGH(-@0)
                 	LD   R0,X+
                 	LD   R27,X
                 	MOV  R26,R0
                 	SUBI R26,LOW(-@1)
                 	SBCI R27,HIGH(-@1)
                 	ST   X,R30
                 	.ENDM
                 
                 	.MACRO __PUTW1SNX
                 	MOVW R26,R28
                 	SUBI R26,LOW(-@0)
                 	SBCI R27,HIGH(-@0)
                 	LD   R0,X+
                 	LD   R27,X
                 	MOV  R26,R0
                 	SUBI R26,LOW(-@1)
                 	SBCI R27,HIGH(-@1)
                 	ST   X+,R30
                 	ST   X,R31
                 	.ENDM
                 
                 	.MACRO __PUTD1SNX
                 	MOVW R26,R28
                 	SUBI R26,LOW(-@0)
                 	SBCI R27,HIGH(-@0)
                 	LD   R0,X+
                 	LD   R27,X
                 	MOV  R26,R0
                 	SUBI R26,LOW(-@1)
                 	SBCI R27,HIGH(-@1)
                 	ST   X+,R30
                 	ST   X+,R31
                 	ST   X+,R22
                 	ST   X,R23
                 	.ENDM
                 
                 	.MACRO __MULBRR
                 	MULS R@0,R@1
                 	MOVW R30,R0
                 	.ENDM
                 
                 	.MACRO __MULBRRU
                 	MUL  R@0,R@1
                 	MOVW R30,R0
                 	.ENDM
                 
                 	.MACRO __MULBRR0
                 	MULS R@0,R@1
                 	.ENDM
                 
                 	.MACRO __MULBRRU0
                 	MUL  R@0,R@1
                 	.ENDM
                 
                 	.MACRO __MULBNWRU
                 	LDI  R26,@2
                 	MUL  R26,R@0
                 	MOVW R30,R0
                 	MUL  R26,R@1
                 	ADD  R31,R0
                 	.ENDM
                 
                 ;NAME DEFINITIONS FOR GLOBAL VARIABLES ALLOCATED TO REGISTERS
                 	.DEF _counter=R5
                 	.DEF _SAMPLE_POINT=R4
                 	.DEF _new_unfiltered_data=R7
                 	.DEF _filter_index=R6
                 	.DEF _sample_index=R9
                 	.DEF __lcd_x=R8
                 	.DEF __lcd_y=R11
                 	.DEF __lcd_maxx=R10
                 
                 	.CSEG
                 	.ORG 0x00
                 
                 ;START OF CODE MARKER
                 __START_OF_CODE:
                 
                 ;INTERRUPT VECTORS
000000 940c 007b 	JMP  __RESET
000002 940c 00ab 	JMP  _ext_int0_isr
000004 940c 0000 	JMP  0x00
000006 940c 0000 	JMP  0x00
000008 940c 0000 	JMP  0x00
00000a 940c 0000 	JMP  0x00
00000c 940c 0000 	JMP  0x00
00000e 940c 0000 	JMP  0x00
000010 940c 0000 	JMP  0x00
000012 940c 00ac 	JMP  _timer0_ovf_isr
000014 940c 0000 	JMP  0x00
000016 940c 0000 	JMP  0x00
000018 940c 0000 	JMP  0x00
00001a 940c 0000 	JMP  0x00
00001c 940c 00bf 	JMP  _adc_isr
00001e 940c 0000 	JMP  0x00
000020 940c 0000 	JMP  0x00
000022 940c 0000 	JMP  0x00
000024 940c 0000 	JMP  0x00
000026 940c 0000 	JMP  0x00
000028 940c 0000 	JMP  0x00
                 
                 _B:
00002a 0000
00002b 0001
00002c 0002
00002d 0003      	.DB  0x0,0x0,0x1,0x0,0x2,0x0,0x3,0x0
00002e 0003
00002f 0000
000030 fff7
000031 ffe7      	.DB  0x3,0x0,0x0,0x0,0xF7,0xFF,0xE7,0xFF
000032 ffce
000033 ffab
000034 ff7f
000035 ff4d      	.DB  0xCE,0xFF,0xAB,0xFF,0x7F,0xFF,0x4D,0xFF
000036 ff1b
000037 fef1
000038 fedc
000039 fee9      	.DB  0x1B,0xFF,0xF1,0xFE,0xDC,0xFE,0xE9,0xFE
00003a ff27
00003b ffa5
00003c 006f
00003d 018f      	.DB  0x27,0xFF,0xA5,0xFF,0x6F,0x0,0x8F,0x1
00003e 0307
00003f 04d3
000040 06e7
000041 092e      	.DB  0x7,0x3,0xD3,0x4,0xE7,0x6,0x2E,0x9
000042 0b8d
000043 0de4
000044 100f
000045 11eb      	.DB  0x8D,0xB,0xE4,0xD,0xF,0x10,0xEB,0x11
000046 1359
000047 143f
000048 148d
000049 143f      	.DB  0x59,0x13,0x3F,0x14,0x8D,0x14,0x3F,0x14
00004a 1359
00004b 11eb
00004c 100f
00004d 0de4      	.DB  0x59,0x13,0xEB,0x11,0xF,0x10,0xE4,0xD
00004e 0b8d
00004f 092e
000050 06e7
000051 04d3      	.DB  0x8D,0xB,0x2E,0x9,0xE7,0x6,0xD3,0x4
000052 0307
000053 018f
000054 006f
000055 ffa5      	.DB  0x7,0x3,0x8F,0x1,0x6F,0x0,0xA5,0xFF
000056 ff27
000057 fee9
000058 fedc
000059 fef1      	.DB  0x27,0xFF,0xE9,0xFE,0xDC,0xFE,0xF1,0xFE
00005a ff1b
00005b ff4d
00005c ff7f
00005d ffab      	.DB  0x1B,0xFF,0x4D,0xFF,0x7F,0xFF,0xAB,0xFF
00005e ffce
00005f ffe7
000060 fff7
000061 0000      	.DB  0xCE,0xFF,0xE7,0xFF,0xF7,0xFF,0x0,0x0
000062 0003
000063 0003
000064 0002
000065 0001      	.DB  0x3,0x0,0x3,0x0,0x2,0x0,0x1,0x0
000066 0000      	.DB  0x0,0x0
                 _tbl10_G101:
000067 2710
000068 03e8
000069 0064
00006a 000a      	.DB  0x10,0x27,0xE8,0x3,0x64,0x0,0xA,0x0
00006b 0001      	.DB  0x1,0x0
                 _tbl16_G101:
00006c 1000
00006d 0100
00006e 0010
00006f 0001      	.DB  0x0,0x10,0x0,0x1,0x10,0x0,0x1,0x0
                 
                 _0xE:
000070 0a7f
000071 0000
000072 0000      	.DB  0x7F,0xA,0x0,0x0,0x0,0x0
                 _0x2000003:
000073 c080      	.DB  0x80,0xC0
                 
                 __GLOBAL_INI_TBL:
000074 0006      	.DW  0x06
000075 0004      	.DW  0x04
000076 00e0      	.DW  _0xE*2
                 
000077 0002      	.DW  0x02
000078 01e0      	.DW  __base_y_G100
000079 00e6      	.DW  _0x2000003*2
                 
                 _0xFFFFFFFF:
00007a 0000      	.DW  0
                 
                 __RESET:
00007b 94f8      	CLI
00007c 27ee      	CLR  R30
00007d bbec      	OUT  EECR,R30
                 
                 ;INTERRUPT VECTORS ARE PLACED
                 ;AT THE START OF FLASH
00007e e0f1      	LDI  R31,1
00007f bffb      	OUT  GICR,R31
000080 bfeb      	OUT  GICR,R30
000081 bfe5      	OUT  MCUCR,R30
                 
                 ;DISABLE WATCHDOG
000082 e1f8      	LDI  R31,0x18
000083 bdf1      	OUT  WDTCR,R31
000084 bde1      	OUT  WDTCR,R30
                 
                 ;CLEAR R2-R14
000085 e08d      	LDI  R24,(14-2)+1
000086 e0a2      	LDI  R26,2
000087 27bb      	CLR  R27
                 __CLEAR_REG:
000088 93ed      	ST   X+,R30
000089 958a      	DEC  R24
00008a f7e9      	BRNE __CLEAR_REG
                 
                 ;CLEAR SRAM
00008b e080      	LDI  R24,LOW(__CLEAR_SRAM_SIZE)
00008c e094      	LDI  R25,HIGH(__CLEAR_SRAM_SIZE)
00008d e6a0      	LDI  R26,__SRAM_START
                 __CLEAR_SRAM:
00008e 93ed      	ST   X+,R30
00008f 9701      	SBIW R24,1
000090 f7e9      	BRNE __CLEAR_SRAM
                 
                 ;GLOBAL VARIABLES INITIALIZATION
000091 eee8      	LDI  R30,LOW(__GLOBAL_INI_TBL*2)
000092 e0f0      	LDI  R31,HIGH(__GLOBAL_INI_TBL*2)
                 __GLOBAL_INI_NEXT:
000093 9185      	LPM  R24,Z+
000094 9195      	LPM  R25,Z+
000095 9700      	SBIW R24,0
000096 f061      	BREQ __GLOBAL_INI_END
000097 91a5      	LPM  R26,Z+
000098 91b5      	LPM  R27,Z+
000099 9005      	LPM  R0,Z+
00009a 9015      	LPM  R1,Z+
00009b 01bf      	MOVW R22,R30
00009c 01f0      	MOVW R30,R0
                 __GLOBAL_INI_LOOP:
00009d 9005      	LPM  R0,Z+
00009e 920d      	ST   X+,R0
00009f 9701      	SBIW R24,1
0000a0 f7e1      	BRNE __GLOBAL_INI_LOOP
0000a1 01fb      	MOVW R30,R22
0000a2 cff0      	RJMP __GLOBAL_INI_NEXT
                 __GLOBAL_INI_END:
                 
                 ;HARDWARE STACK POINTER INITIALIZATION
0000a3 e5ef      	LDI  R30,LOW(__SRAM_END-__HEAP_SIZE)
0000a4 bfed      	OUT  SPL,R30
0000a5 e0e4      	LDI  R30,HIGH(__SRAM_END-__HEAP_SIZE)
0000a6 bfee      	OUT  SPH,R30
                 
                 ;DATA STACK POINTER INITIALIZATION
0000a7 e6c0      	LDI  R28,LOW(__SRAM_START+__DSTACK_SIZE)
0000a8 e0d1      	LDI  R29,HIGH(__SRAM_START+__DSTACK_SIZE)
                 
0000a9 940c 00e3 	JMP  _main
                 
                 	.ESEG
                 	.ORG 0
                 
                 	.DSEG
                 	.ORG 0x160
                 
                 	.CSEG
                 ;/*****************************************************
                 ;This program was produced by the
                 ;CodeWizardAVR V2.05.0 Professional
                 ;Automatic Program Generator
                 ;© Copyright 1998-2010 Pavel Haiduc, HP InfoTech s.r.l.
                 ;http://www.hpinfotech.com
                 ;
                 ;Project :
                 ;Version :
                 ;Date    : 8/20/2024
                 ;Author  : NeVaDa
                 ;Company :
                 ;Comments:
                 ;
                 ;
                 ;Chip type               : ATmega16
                 ;Program type            : Application
                 ;AVR Core Clock frequency: 16.000000 MHz
                 ;Memory model            : Small
                 ;External RAM size       : 0
                 ;Data Stack size         : 256
                 ;*****************************************************/
                 ;
                 ;#include <mega16.h>
                 	#ifndef __SLEEP_DEFINED__
                 	#define __SLEEP_DEFINED__
                 	.EQU __se_bit=0x40
                 	.EQU __sm_mask=0xB0
                 	.EQU __sm_powerdown=0x20
                 	.EQU __sm_powersave=0x30
                 	.EQU __sm_standby=0xA0
                 	.EQU __sm_ext_standby=0xB0
                 	.EQU __sm_adc_noise_red=0x10
                 	.SET power_ctrl_reg=mcucr
                 	#endif
                 ;#include <delay.h>
                 ;//#include <fdacoefs.h>
                 ;//#include <tmwtypes.h>
                 ;// Alphanumeric LCD Module functions
                 ;#include <alcd.h>
                 ;#include <stdio.h>
                 ;
                 ;// Declare your global variables here
                 ;#define ADC_VREF_TYPE 0x40
                 ;char counter = 10;
                 ;char SAMPLE_POINT = 127; // Number of data needed to be sent to serial port
                 ;char new_unfiltered_data;
                 ;// Buffer to store the last 61 samples, used for FIR conversion since there are only 61 coefficient exists
                 ;unsigned int adc_data[61];
                 ;
                 ;unsigned int unfiltered_data[SAMPLE_POINT];  // Buffer to store 127 unfiltered samples
                 ;long filtered_data[SAMPLE_POINT];            // Buffer to store 127 filtered samples
                 ;
                 ;char filter_index = 0;
                 ;char sample_index = 0;
                 ;
                 ;// Storing FIR filter coefficients in Flash memory
                 ;flash int B[61] = {
                 ;        0,      1,      2,      3,      3,      0,     -9,    -25,    -50,
                 ;      -85,   -129,   -179,   -229,   -271,   -292,   -279,   -217,    -91,
                 ;      111,    399,    775,   1235,   1767,   2350,   2957,   3556,   4111,
                 ;     4587,   4953,   5183,   5261,   5183,   4953,   4587,   4111,   3556,
                 ;     2957,   2350,   1767,   1235,    775,    399,    111,    -91,   -217,
                 ;     -279,   -292,   -271,   -229,   -179,   -129,    -85,    -50,    -25,
                 ;       -9,      0,      3,      3,      2,      1,      0};
                 ;
                 ;
                 ;
                 ;/*****************************************
                 ;External Interrupt 0 service routine:
                 ;This is for changing the mode of FIR among
                 ;Lowpass, highpass, bandpass, bandstop filter
                 ;*******************************************/
                 ;interrupt [EXT_INT0] void ext_int0_isr(void)
                 ; 0000 0040 {
                 
                 	.CSEG
                 _ext_int0_isr:
                 ; 0000 0041 // ToDo:
                 ; 0000 0042 
                 ; 0000 0043 }
0000ab 9518      	RETI
                 ;
                 ;
                 ;/***********************************************
                 ;Timer 0 overflow interrupt service routine
                 ;Used for generating 10Hz square wave to PA2.
                 ;************************************/
                 ;interrupt [TIM0_OVF] void timer0_ovf_isr(void)
                 ; 0000 004B {
                 _timer0_ovf_isr:
0000ac 93ea      	ST   -Y,R30
0000ad b7ef      	IN   R30,SREG
0000ae 93ea      	ST   -Y,R30
                 ; 0000 004C // Reinitialize Timer 0 value
                 ; 0000 004D TCNT0=0xB2;
0000af ebe2      	LDI  R30,LOW(178)
0000b0 bfe2      	OUT  0x32,R30
                 ; 0000 004E // ToDo:
                 ; 0000 004F // Status: Done
                 ; 0000 0050 counter--;
0000b1 945a      	DEC  R5
                 ; 0000 0051 
                 ; 0000 0052 if (counter == 0)
0000b2 2055      	TST  R5
0000b3 f439      	BRNE _0x3
                 ; 0000 0053     {
                 ; 0000 0054     counter = 10;
0000b4 e0ea      	LDI  R30,LOW(10)
0000b5 2e5e      	MOV  R5,R30
                 ; 0000 0055     PORTA.2 = ~PORTA.2;
0000b6 9bda      	SBIS 0x1B,2
0000b7 c002      	RJMP _0x4
0000b8 98da      	CBI  0x1B,2
0000b9 c001      	RJMP _0x5
                 _0x4:
0000ba 9ada      	SBI  0x1B,2
                 _0x5:
                 ; 0000 0056     }
                 ; 0000 0057 }
                 _0x3:
0000bb 91e9      	LD   R30,Y+
0000bc bfef      	OUT  SREG,R30
0000bd 91e9      	LD   R30,Y+
0000be 9518      	RETI
                 ;
                 ;// Timer1 output compare A interrupt service routine
                 ;// NOT USED since ADC is auto triggered by the Timer1 Compare Match
                 ;//interrupt [TIM1_COMPA] void timer1_compa_isr(void)
                 ;//{
                 ;//
                 ;//}
                 ;
                 ;
                 ;void trans_data(int xl)
                 ; 0000 0062 {
                 ; 0000 0063 unsigned char H5,L5;
                 ; 0000 0064 unsigned int AD_x;
                 ; 0000 0065 AD_x = xl & 0x3FFF;
                 ;	xl -> Y+4
                 ;	H5 -> R17
                 ;	L5 -> R16
                 ;	AD_x -> R18,R19
                 ; 0000 0066 H5 = AD_x>>5;
                 ; 0000 0067 L5 = AD_x & 0x1F;
                 ; 0000 0068 putchar(L5+11);
                 ; 0000 0069 putchar(H5+51);
                 ; 0000 006A }
                 ;
                 ;
                 ;/*****************************
                 ;ADC interrupt service routine:
                 ;Do the AD conversion and perform the FIR filter operation.
                 ;************************************************/
                 ;interrupt [ADC_INT] void adc_isr(void)
                 ; 0000 0072 {
                 _adc_isr:
0000bf 93aa      	ST   -Y,R26
0000c0 93ba      	ST   -Y,R27
0000c1 93ea      	ST   -Y,R30
0000c2 93fa      	ST   -Y,R31
0000c3 b7ef      	IN   R30,SREG
0000c4 93ea      	ST   -Y,R30
                 ; 0000 0073 // ToDo:
                 ; 0000 0074 // Do the FIR filter operation and store both unfiltered and filtered data;
                 ; 0000 0075 // After the filtered data reaches 127#, send both the original
                 ; 0000 0076 // and filtered data to serial port
                 ; 0000 0077 
                 ; 0000 0078 unsigned int adc_value;        // Variable storing AD conversion result
                 ; 0000 0079 
                 ; 0000 007A // Read the AD conversion result
                 ; 0000 007B adc_value = ADCW;
0000c5 931a      	ST   -Y,R17
0000c6 930a      	ST   -Y,R16
                 ;	adc_value -> R16,R17
                +
0000c7 b104     +IN R16 , 4
0000c8 b115     +IN R17 , 4 + 1
                 	__INWR 16,17,4
                 ; 0000 007C adc_data[filter_index] = adc_value;
0000c9 2de6      	MOV  R30,R6
0000ca 940e 0206 	CALL SUBOPT_0x0
0000cc 0fea      	ADD  R30,R26
0000cd 1ffb      	ADC  R31,R27
0000ce 8300      	ST   Z,R16
0000cf 8311      	STD  Z+1,R17
                 ; 0000 007D unfiltered_data[sample_index] = adc_value;  // Store unfiltered sample
0000d0 2de9      	MOV  R30,R9
0000d1 edaa      	LDI  R26,LOW(_unfiltered_data)
0000d2 e0b1      	LDI  R27,HIGH(_unfiltered_data)
0000d3 940e 020c 	CALL SUBOPT_0x1
0000d5 8300      	ST   Z,R16
0000d6 8311      	STD  Z+1,R17
                 ; 0000 007E 
                 ; 0000 007F sample_index++;
0000d7 9493      	INC  R9
                 ; 0000 0080 // Which condition to apply FIR? Answer: after adc_isr triggered, which represents new values has been plug in.
                 ; 0000 0081 new_unfiltered_data = 1;
0000d8 e0e1      	LDI  R30,LOW(1)
0000d9 2e7e      	MOV  R7,R30
                 ; 0000 0082 // printf("%d", sample_index);
                 ; 0000 0083 // main function checking frequency is much higher than the adc_isr
                 ; 0000 0084 
                 ; 0000 0085 }
0000da 9109      	LD   R16,Y+
0000db 9119      	LD   R17,Y+
0000dc 91e9      	LD   R30,Y+
0000dd bfef      	OUT  SREG,R30
0000de 91f9      	LD   R31,Y+
0000df 91e9      	LD   R30,Y+
0000e0 91b9      	LD   R27,Y+
0000e1 91a9      	LD   R26,Y+
0000e2 9518      	RETI
                 ;
                 ;
                 ;void main(void)
                 ; 0000 0089 {
                 _main:
                 ; 0000 008A // Declare your local variables here
                 ; 0000 008B char i,j,k;
                 ; 0000 008C // Input/Output Ports initialization
                 ; 0000 008D // Port A initialization
                 ; 0000 008E PORTA=0x00;
                 ;	i -> R17
                 ;	j -> R16
                 ;	k -> R19
0000e3 e0e0      	LDI  R30,LOW(0)
0000e4 bbeb      	OUT  0x1B,R30
                 ; 0000 008F DDRA=0x02;      // set PA2 as output
0000e5 e0e2      	LDI  R30,LOW(2)
0000e6 bbea      	OUT  0x1A,R30
                 ; 0000 0090 
                 ; 0000 0091 // Port B initialization
                 ; 0000 0092 PORTB=0x00;
0000e7 e0e0      	LDI  R30,LOW(0)
0000e8 bbe8      	OUT  0x18,R30
                 ; 0000 0093 DDRB=0x00;
0000e9 bbe7      	OUT  0x17,R30
                 ; 0000 0094 
                 ; 0000 0095 // Port C initialization
                 ; 0000 0096 PORTC=0x00;
0000ea bbe5      	OUT  0x15,R30
                 ; 0000 0097 DDRC=0x00;
0000eb bbe4      	OUT  0x14,R30
                 ; 0000 0098 
                 ; 0000 0099 // Port D initialization
                 ; 0000 009A PORTD=0x00;
0000ec bbe2      	OUT  0x12,R30
                 ; 0000 009B DDRD=0x00;
0000ed bbe1      	OUT  0x11,R30
                 ; 0000 009C 
                 ; 0000 009D // Timer/Counter 0 initialization
                 ; 0000 009E // Clock source: System Clock
                 ; 0000 009F // Clock value: 15.625 kHz
                 ; 0000 00A0 // Mode: Normal top=0xFF
                 ; 0000 00A1 // OC0 output: Disconnected
                 ; 0000 00A2 TCCR0=0x05;
0000ee e0e5      	LDI  R30,LOW(5)
0000ef bfe3      	OUT  0x33,R30
                 ; 0000 00A3 TCNT0=0xB2;
0000f0 ebe2      	LDI  R30,LOW(178)
0000f1 bfe2      	OUT  0x32,R30
                 ; 0000 00A4 OCR0=0x00;
0000f2 e0e0      	LDI  R30,LOW(0)
0000f3 bfec      	OUT  0x3C,R30
                 ; 0000 00A5 
                 ; 0000 00A6 // Timer/Counter 1 initialization
                 ; 0000 00A7 // Clock source: System Clock
                 ; 0000 00A8 // Clock value: 62.500 kHz
                 ; 0000 00A9 // Mode: CTC top=OCR1A
                 ; 0000 00AA // OC1A output: Discon.
                 ; 0000 00AB // OC1B output: Discon.
                 ; 0000 00AC // Noise Canceler: Off
                 ; 0000 00AD // Input Capture on Falling Edge
                 ; 0000 00AE // Timer1 Overflow Interrupt: Off
                 ; 0000 00AF // Input Capture Interrupt: Off
                 ; 0000 00B0 // Compare A Match Interrupt: On
                 ; 0000 00B1 // Compare B Match Interrupt: Off
                 ; 0000 00B2 //TCCR1A=0x00;
                 ; 0000 00B3 //TCCR1B=0x0C;
                 ; 0000 00B4 //TCNT1H=0x00;
                 ; 0000 00B5 //TCNT1L=0x00;
                 ; 0000 00B6 //ICR1H=0x00;
                 ; 0000 00B7 //ICR1L=0x00;
                 ; 0000 00B8 //OCR1AH=0x00;
                 ; 0000 00B9 //OCR1AL=0xF9;
                 ; 0000 00BA //OCR1BH=0x00;
                 ; 0000 00BB //OCR1BL=0xF9;
                 ; 0000 00BC 
                 ; 0000 00BD // Timer/Counter 1 initialization
                 ; 0000 00BE // Clock source: System Clock
                 ; 0000 00BF // Clock value: 62.500 kHz (F_CPU / 256)
                 ; 0000 00C0 // Mode: CTC top=ICR1
                 ; 0000 00C1 // OC1A output: Disconnected
                 ; 0000 00C2 // OC1B output: Disconnected
                 ; 0000 00C3 TCCR1A = 0x00; // CTC mode
0000f4 bdef      	OUT  0x2F,R30
                 ; 0000 00C4 TCCR1B = 0x0C; // CTC mode with ICR1 as top, prescaler = 256
0000f5 e0ec      	LDI  R30,LOW(12)
0000f6 bdee      	OUT  0x2E,R30
                 ; 0000 00C5 TCNT1H = 0x00;
0000f7 e0e0      	LDI  R30,LOW(0)
0000f8 bded      	OUT  0x2D,R30
                 ; 0000 00C6 TCNT1L = 0x00;
0000f9 bdec      	OUT  0x2C,R30
                 ; 0000 00C7 ICR1H = 0x00;  // Set ICR1 to the desired top value
0000fa bde7      	OUT  0x27,R30
                 ; 0000 00C8 ICR1L = 0xF9; // Set ICR1 to 249 for 250Hz
0000fb efe9      	LDI  R30,LOW(249)
0000fc bde6      	OUT  0x26,R30
                 ; 0000 00C9 
                 ; 0000 00CA // Timer/Counter 2 initialization
                 ; 0000 00CB // Clock source: System Clock
                 ; 0000 00CC // Clock value: Timer2 Stopped
                 ; 0000 00CD // Mode: Normal top=0xFF
                 ; 0000 00CE // OC2 output: Disconnected
                 ; 0000 00CF ASSR=0x00;
0000fd e0e0      	LDI  R30,LOW(0)
0000fe bde2      	OUT  0x22,R30
                 ; 0000 00D0 TCCR2=0x00;
0000ff bde5      	OUT  0x25,R30
                 ; 0000 00D1 TCNT2=0x00;
000100 bde4      	OUT  0x24,R30
                 ; 0000 00D2 OCR2=0x00;
000101 bde3      	OUT  0x23,R30
                 ; 0000 00D3 
                 ; 0000 00D4 // External Interrupt(s) initialization
                 ; 0000 00D5 // INT0: On
                 ; 0000 00D6 // INT0 Mode: Falling Edge
                 ; 0000 00D7 // INT1: Off
                 ; 0000 00D8 // INT2: Off
                 ; 0000 00D9 GICR|=0x40;
000102 b7eb      	IN   R30,0x3B
000103 64e0      	ORI  R30,0x40
000104 bfeb      	OUT  0x3B,R30
                 ; 0000 00DA MCUCR=0x02;
000105 e0e2      	LDI  R30,LOW(2)
000106 bfe5      	OUT  0x35,R30
                 ; 0000 00DB MCUCSR=0x00;
000107 e0e0      	LDI  R30,LOW(0)
000108 bfe4      	OUT  0x34,R30
                 ; 0000 00DC GIFR=0x40;
000109 e4e0      	LDI  R30,LOW(64)
00010a bfea      	OUT  0x3A,R30
                 ; 0000 00DD 
                 ; 0000 00DE // Timer(s)/Counter(s) Interrupt(s) initialization
                 ; 0000 00DF TIMSK=0x11;
00010b e1e1      	LDI  R30,LOW(17)
00010c bfe9      	OUT  0x39,R30
                 ; 0000 00E0 
                 ; 0000 00E1 // USART initialization
                 ; 0000 00E2 // Communication Parameters: 8 Data, 1 Stop, No Parity
                 ; 0000 00E3 // USART Receiver: On
                 ; 0000 00E4 // USART Transmitter: On
                 ; 0000 00E5 // USART Mode: Asynchronous
                 ; 0000 00E6 // USART Baud Rate: 9600
                 ; 0000 00E7 UCSRA=0x00;
00010d e0e0      	LDI  R30,LOW(0)
00010e b9eb      	OUT  0xB,R30
                 ; 0000 00E8 UCSRB=0x18;
00010f e1e8      	LDI  R30,LOW(24)
000110 b9ea      	OUT  0xA,R30
                 ; 0000 00E9 UCSRC=0x86;
000111 e8e6      	LDI  R30,LOW(134)
000112 bde0      	OUT  0x20,R30
                 ; 0000 00EA UBRRH=0x00;
000113 e0e0      	LDI  R30,LOW(0)
000114 bde0      	OUT  0x20,R30
                 ; 0000 00EB UBRRL=0x67;
000115 e6e7      	LDI  R30,LOW(103)
000116 b9e9      	OUT  0x9,R30
                 ; 0000 00EC 
                 ; 0000 00ED // Analog Comparator initialization
                 ; 0000 00EE // Analog Comparator: Off
                 ; 0000 00EF // Analog Comparator Input Capture by Timer/Counter 1: Off
                 ; 0000 00F0 ACSR=0x80;
000117 e8e0      	LDI  R30,LOW(128)
000118 b9e8      	OUT  0x8,R30
                 ; 0000 00F1 SFIOR=0x00;
000119 e0e0      	LDI  R30,LOW(0)
00011a bfe0      	OUT  0x30,R30
                 ; 0000 00F2 
                 ; 0000 00F3 // ADC initialization
                 ; 0000 00F4 // ADC Clock frequency: 250.000 kHz
                 ; 0000 00F5 // ADC Voltage Reference: AVCC pin
                 ; 0000 00F6 // ADC Auto Trigger Source: Timer1 Compare Match B
                 ; 0000 00F7 ADMUX=(ADC_VREF_TYPE & 0xff) | (1 << MUX2) | (1 << MUX0);    //ADMUX |= (1 << 0) will set ADMUX's first bit to 1.
00011b e4e5      	LDI  R30,LOW(69)
00011c b9e7      	OUT  0x7,R30
                 ; 0000 00F8 ADCSRA=0xAE;
00011d eaee      	LDI  R30,LOW(174)
00011e b9e6      	OUT  0x6,R30
                 ; 0000 00F9 SFIOR&=0x1F;
00011f b7e0      	IN   R30,0x30
000120 71ef      	ANDI R30,LOW(0x1F)
000121 bfe0      	OUT  0x30,R30
                 ; 0000 00FA SFIOR|=0xE0;   // Change, I dont know what will happen!!!!!!!!!!!!!!!!!1
000122 b7e0      	IN   R30,0x30
000123 6ee0      	ORI  R30,LOW(0xE0)
000124 bfe0      	OUT  0x30,R30
                 ; 0000 00FB 
                 ; 0000 00FC // SPI initialization
                 ; 0000 00FD // SPI disabled
                 ; 0000 00FE SPCR=0x00;
000125 e0e0      	LDI  R30,LOW(0)
000126 b9ed      	OUT  0xD,R30
                 ; 0000 00FF 
                 ; 0000 0100 // TWI initialization
                 ; 0000 0101 // TWI disabled
                 ; 0000 0102 TWCR=0x00;
000127 bfe6      	OUT  0x36,R30
                 ; 0000 0103 
                 ; 0000 0104 // Alphanumeric LCD initialization
                 ; 0000 0105 // Connections specified in the
                 ; 0000 0106 // Project|Configure|C Compiler|Libraries|Alphanumeric LCD menu:
                 ; 0000 0107 // RS - PORTB Bit 0
                 ; 0000 0108 // RD - PORTB Bit 1
                 ; 0000 0109 // EN - PORTB Bit 2
                 ; 0000 010A // D4 - PORTD Bit 4
                 ; 0000 010B // D5 - PORTD Bit 5
                 ; 0000 010C // D6 - PORTD Bit 6
                 ; 0000 010D // D7 - PORTD Bit 7
                 ; 0000 010E // Characters/line: 8
                 ; 0000 010F lcd_init(8);
000128 e0e8      	LDI  R30,LOW(8)
000129 93ea      	ST   -Y,R30
00012a d0a1      	RCALL _lcd_init
                 ; 0000 0110 
                 ; 0000 0111 // Global enable interrupts
                 ; 0000 0112 #asm("sei")
00012b 9478      	sei
                 ; 0000 0113 
                 ; 0000 0114 while (1)
                 _0x6:
                 ; 0000 0115       {
                 ; 0000 0116       // Place your code here
                 ; 0000 0117       if (new_unfiltered_data == 1)
00012c e0e1      	LDI  R30,LOW(1)
00012d 15e7      	CP   R30,R7
00012e f011      	BREQ PC+3
00012f 940c 018a 	JMP _0x9
                 ; 0000 0118         {
                 ; 0000 0119         long filtered_output = 0;      // Variable storing one filtered data once at a time
                 ; 0000 011A 
                 ; 0000 011B         // printf("newdata_in");
                 ; 0000 011C         j = filter_index;
000131 9724      	SBIW R28,4
000132 e0e0      	LDI  R30,LOW(0)
000133 83e8      	ST   Y,R30
000134 83e9      	STD  Y+1,R30
000135 83ea      	STD  Y+2,R30
000136 83eb      	STD  Y+3,R30
                 ;	filtered_output -> Y+0
000137 2d06      	MOV  R16,R6
                 ; 0000 011D         for (i = 0; i < 61; i++)
000138 e010      	LDI  R17,LOW(0)
                 _0xB:
000139 331d      	CPI  R17,61
00013a f598      	BRSH _0xC
                 ; 0000 011E         {
                 ; 0000 011F             j = (j - i + 60) % 61;  // Circular buffer handling
00013b 2fa0      	MOV  R26,R16
00013c 27bb      	CLR  R27
00013d 2fe1      	MOV  R30,R17
00013e e0f0      	LDI  R31,0
00013f 940e 02bb 	CALL __SWAPW12
000141 1bea      	SUB  R30,R26
000142 0bfb      	SBC  R31,R27
000143 96fc      	ADIW R30,60
000144 01df      	MOVW R26,R30
000145 e3ed      	LDI  R30,LOW(61)
000146 e0f0      	LDI  R31,HIGH(61)
000147 940e 0283 	CALL __MODW21
000149 2f0e      	MOV  R16,R30
                 ; 0000 0120             filtered_output += (long)adc_data[j] * B[i];    // B[61] is declared in fdacoef.h file
00014a 2fe0      	MOV  R30,R16
00014b 940e 0206 	CALL SUBOPT_0x0
00014d 0fae      	ADD  R26,R30
00014e 1fbf      	ADC  R27,R31
00014f 940e 02a4 	CALL __GETW1P
000151 2766      	CLR  R22
000152 2777      	CLR  R23
000153 937f      	PUSH R23
000154 936f      	PUSH R22
000155 93ff      	PUSH R31
000156 93ef      	PUSH R30
000157 2fe1      	MOV  R30,R17
000158 e5a4      	LDI  R26,LOW(_B*2)
000159 e0b0      	LDI  R27,HIGH(_B*2)
00015a 940e 020c 	CALL SUBOPT_0x1
00015c 940e 02a8 	CALL __GETW1PF
00015e 91af      	POP  R26
00015f 91bf      	POP  R27
000160 918f      	POP  R24
000161 919f      	POP  R25
000162 940e 0246 	CALL __CWD1
000164 940e 026b 	CALL __MULD12
000166 940e 02ac 	CALL __GETD2S0
000168 940e 0230 	CALL __ADDD12
00016a 940e 02b1 	CALL __PUTD1S0
                 ; 0000 0121         }
00016c 5f1f      	SUBI R17,-1
00016d cfcb      	RJMP _0xB
                 _0xC:
                 ; 0000 0122 
                 ; 0000 0123         // Store filtered result
                 ; 0000 0124         filtered_data[sample_index-1] = filtered_output;
00016e 2de9      	MOV  R30,R9
00016f e0f0      	LDI  R31,0
000170 9731      	SBIW R30,1
000171 edac      	LDI  R26,LOW(_filtered_data)
000172 e0b1      	LDI  R27,HIGH(_filtered_data)
000173 940e 0241 	CALL __LSLW2
000175 0fea      	ADD  R30,R26
000176 1ffb      	ADC  R31,R27
000177 940e 02ac 	CALL __GETD2S0
000179 940e 02b6 	CALL __PUTDZ20
                 ; 0000 0125 
                 ; 0000 0126         // Update buffer and sample indices
                 ; 0000 0127         filter_index = (filter_index + 1) % 61;
00017b 2de6      	MOV  R30,R6
00017c e0f0      	LDI  R31,0
00017d 9631      	ADIW R30,1
00017e 01df      	MOVW R26,R30
00017f e3ed      	LDI  R30,LOW(61)
000180 e0f0      	LDI  R31,HIGH(61)
000181 940e 0283 	CALL __MODW21
000183 2e6e      	MOV  R6,R30
                 ; 0000 0128         // sample_index += 1;
                 ; 0000 0129         // printf("%d", sample_index);
                 ; 0000 012A         putchar('A');
000184 e4e1      	LDI  R30,LOW(65)
000185 93ea      	ST   -Y,R30
000186 940e 0200 	CALL _putchar
                 ; 0000 012B         new_unfiltered_data = 0; // set back to 0 and wait until new data input
000188 2477      	CLR  R7
                 ; 0000 012C 
                 ; 0000 012D         // Test whether the sample_index could reach 127
                 ; 0000 012E         }
000189 9624      	ADIW R28,4
                 ; 0000 012F 
                 ; 0000 0130       // If 127 samples are collected, transmit data to Serial port
                 ; 0000 0131 //      if (sample_index == SAMPLE_POINT)
                 ; 0000 0132 //          {
                 ; 0000 0133 //          // Transmit unfiltered and filtered data via USART
                 ; 0000 0134 //          for (k = 0; k < SAMPLE_POINT; k++)
                 ; 0000 0135 //                {
                 ; 0000 0136 //                trans_data(unfiltered_data[k]);  // Send unfiltered data
                 ; 0000 0137 //                }
                 ; 0000 0138 //
                 ; 0000 0139 //          for (k = 0; k < SAMPLE_POINT; k++)
                 ; 0000 013A //                {
                 ; 0000 013B //                trans_data(filtered_data[k]);  // Send filtered data (scaled to fit)
                 ; 0000 013C //                }
                 ; 0000 013D //
                 ; 0000 013E //          putchar(10);      // For MATLAB Receiver
                 ; 0000 013F //
                 ; 0000 0140 //          // Reset sample index for the next batch
                 ; 0000 0141 //          sample_index = 0;
                 ; 0000 0142 //
                 ; 0000 0143 //          }
                 ; 0000 0144       }
                 _0x9:
00018a cfa1      	RJMP _0x6
                 ; 0000 0145 }
                 _0xD:
00018b cfff      	RJMP _0xD
                 	#ifndef __SLEEP_DEFINED__
                 	#endif
                 
                 	.DSEG
                 
                 	.CSEG
                 __lcd_write_nibble_G100:
00018c 81e8      	LD   R30,Y
00018d 71e0      	ANDI R30,LOW(0x10)
00018e f011      	BREQ _0x2000004
00018f 9a94      	SBI  0x12,4
000190 c001      	RJMP _0x2000005
                 _0x2000004:
000191 9894      	CBI  0x12,4
                 _0x2000005:
000192 81e8      	LD   R30,Y
000193 72e0      	ANDI R30,LOW(0x20)
000194 f011      	BREQ _0x2000006
000195 9a95      	SBI  0x12,5
000196 c001      	RJMP _0x2000007
                 _0x2000006:
000197 9895      	CBI  0x12,5
                 _0x2000007:
000198 81e8      	LD   R30,Y
000199 74e0      	ANDI R30,LOW(0x40)
00019a f011      	BREQ _0x2000008
00019b 9a96      	SBI  0x12,6
00019c c001      	RJMP _0x2000009
                 _0x2000008:
00019d 9896      	CBI  0x12,6
                 _0x2000009:
00019e 81e8      	LD   R30,Y
00019f 78e0      	ANDI R30,LOW(0x80)
0001a0 f011      	BREQ _0x200000A
0001a1 9a97      	SBI  0x12,7
0001a2 c001      	RJMP _0x200000B
                 _0x200000A:
0001a3 9897      	CBI  0x12,7
                 _0x200000B:
                +
0001a4 e08b     +LDI R24 , LOW ( 11 )
                +__DELAY_USB_LOOP :
0001a5 958a     +DEC R24
0001a6 f7f1     +BRNE __DELAY_USB_LOOP
                 	__DELAY_USB 11
0001a7 9ac2      	SBI  0x18,2
                +
0001a8 e18b     +LDI R24 , LOW ( 27 )
                +__DELAY_USB_LOOP :
0001a9 958a     +DEC R24
0001aa f7f1     +BRNE __DELAY_USB_LOOP
                 	__DELAY_USB 27
0001ab 98c2      	CBI  0x18,2
                +
0001ac e18b     +LDI R24 , LOW ( 27 )
                +__DELAY_USB_LOOP :
0001ad 958a     +DEC R24
0001ae f7f1     +BRNE __DELAY_USB_LOOP
                 	__DELAY_USB 27
0001af 940c 0204 	JMP  _0x2080001
                 __lcd_write_data:
0001b1 81e8      	LD   R30,Y
0001b2 93ea      	ST   -Y,R30
0001b3 dfd8      	RCALL __lcd_write_nibble_G100
0001b4 81e8          ld    r30,y
0001b5 95e2          swap  r30
0001b6 83e8          st    y,r30
0001b7 81e8      	LD   R30,Y
0001b8 93ea      	ST   -Y,R30
0001b9 dfd2      	RCALL __lcd_write_nibble_G100
                +
0001ba ec88     +LDI R24 , LOW ( 200 )
0001bb e090     +LDI R25 , HIGH ( 200 )
                +__DELAY_USW_LOOP :
0001bc 9701     +SBIW R24 , 1
0001bd f7f1     +BRNE __DELAY_USW_LOOP
                 	__DELAY_USW 200
0001be c045      	RJMP _0x2080001
                 _lcd_clear:
0001bf e0e2      	LDI  R30,LOW(2)
0001c0 940e 0212 	CALL SUBOPT_0x2
0001c2 e0ec      	LDI  R30,LOW(12)
0001c3 93ea      	ST   -Y,R30
0001c4 dfec      	RCALL __lcd_write_data
0001c5 e0e1      	LDI  R30,LOW(1)
0001c6 940e 0212 	CALL SUBOPT_0x2
0001c8 e0e0      	LDI  R30,LOW(0)
0001c9 2ebe      	MOV  R11,R30
0001ca 2e8e      	MOV  R8,R30
0001cb 9508      	RET
                 _lcd_init:
0001cc 9a8c      	SBI  0x11,4
0001cd 9a8d      	SBI  0x11,5
0001ce 9a8e      	SBI  0x11,6
0001cf 9a8f      	SBI  0x11,7
0001d0 9aba      	SBI  0x17,2
0001d1 9ab8      	SBI  0x17,0
0001d2 9ab9      	SBI  0x17,1
0001d3 98c2      	CBI  0x18,2
0001d4 98c0      	CBI  0x18,0
0001d5 98c1      	CBI  0x18,1
0001d6 80a8      	LDD  R10,Y+0
0001d7 81e8      	LD   R30,Y
0001d8 58e0      	SUBI R30,-LOW(128)
                +
0001d9 93e0 01e2+STS __base_y_G100 + ( 2 ) , R30
                 	__PUTB1MN __base_y_G100,2
0001db 81e8      	LD   R30,Y
0001dc 54e0      	SUBI R30,-LOW(192)
                +
0001dd 93e0 01e3+STS __base_y_G100 + ( 3 ) , R30
                 	__PUTB1MN __base_y_G100,3
0001df e1e4      	LDI  R30,LOW(20)
0001e0 e0f0      	LDI  R31,HIGH(20)
0001e1 93fa      	ST   -Y,R31
0001e2 93ea      	ST   -Y,R30
0001e3 940e 0224 	CALL _delay_ms
0001e5 940e 021b 	CALL SUBOPT_0x3
0001e7 940e 021b 	CALL SUBOPT_0x3
0001e9 940e 021b 	CALL SUBOPT_0x3
0001eb e2e0      	LDI  R30,LOW(32)
0001ec 93ea      	ST   -Y,R30
0001ed df9e      	RCALL __lcd_write_nibble_G100
                +
0001ee e980     +LDI R24 , LOW ( 400 )
0001ef e091     +LDI R25 , HIGH ( 400 )
                +__DELAY_USW_LOOP :
0001f0 9701     +SBIW R24 , 1
0001f1 f7f1     +BRNE __DELAY_USW_LOOP
                 	__DELAY_USW 400
0001f2 e2e8      	LDI  R30,LOW(40)
0001f3 93ea      	ST   -Y,R30
0001f4 dfbc      	RCALL __lcd_write_data
0001f5 e0e4      	LDI  R30,LOW(4)
0001f6 93ea      	ST   -Y,R30
0001f7 dfb9      	RCALL __lcd_write_data
0001f8 e8e5      	LDI  R30,LOW(133)
0001f9 93ea      	ST   -Y,R30
0001fa dfb6      	RCALL __lcd_write_data
0001fb e0e6      	LDI  R30,LOW(6)
0001fc 93ea      	ST   -Y,R30
0001fd dfb3      	RCALL __lcd_write_data
0001fe dfc0      	RCALL _lcd_clear
0001ff c004      	RJMP _0x2080001
                 	#ifndef __SLEEP_DEFINED__
                 	#endif
                 
                 	.CSEG
                 _putchar:
                 putchar0:
000200 9b5d           sbis usr,udre
000201 cffe           rjmp putchar0
000202 81e8           ld   r30,y
000203 b9ec           out  udr,r30
                 _0x2080001:
000204 9621      	ADIW R28,1
000205 9508      	RET
                 
                 	.CSEG
                 
                 	.CSEG
                 
                 	.DSEG
                 _adc_data:
000160           	.BYTE 0x7A
                 _unfiltered_data:
0001da           	.BYTE 0x2
                 _filtered_data:
0001dc           	.BYTE 0x4
                 __base_y_G100:
0001e0           	.BYTE 0x4
                 
                 	.CSEG
                 ;OPTIMIZER ADDED SUBROUTINE, CALLED 2 TIMES, CODE SIZE REDUCTION:2 WORDS
                 SUBOPT_0x0:
000206 e6a0      	LDI  R26,LOW(_adc_data)
000207 e0b1      	LDI  R27,HIGH(_adc_data)
000208 e0f0      	LDI  R31,0
000209 0fee      	LSL  R30
00020a 1fff      	ROL  R31
00020b 9508      	RET
                 
                 ;OPTIMIZER ADDED SUBROUTINE, CALLED 2 TIMES, CODE SIZE REDUCTION:2 WORDS
                 SUBOPT_0x1:
00020c e0f0      	LDI  R31,0
00020d 0fee      	LSL  R30
00020e 1fff      	ROL  R31
00020f 0fea      	ADD  R30,R26
000210 1ffb      	ADC  R31,R27
000211 9508      	RET
                 
                 ;OPTIMIZER ADDED SUBROUTINE, CALLED 2 TIMES, CODE SIZE REDUCTION:4 WORDS
                 SUBOPT_0x2:
000212 93ea      	ST   -Y,R30
000213 940e 01b1 	CALL __lcd_write_data
000215 e0e3      	LDI  R30,LOW(3)
000216 e0f0      	LDI  R31,HIGH(3)
000217 93fa      	ST   -Y,R31
000218 93ea      	ST   -Y,R30
000219 940c 0224 	JMP  _delay_ms
                 
                 ;OPTIMIZER ADDED SUBROUTINE, CALLED 3 TIMES, CODE SIZE REDUCTION:9 WORDS
                 SUBOPT_0x3:
00021b e3e0      	LDI  R30,LOW(48)
00021c 93ea      	ST   -Y,R30
00021d 940e 018c 	CALL __lcd_write_nibble_G100
                +
00021f e980     +LDI R24 , LOW ( 400 )
000220 e091     +LDI R25 , HIGH ( 400 )
                +__DELAY_USW_LOOP :
000221 9701     +SBIW R24 , 1
000222 f7f1     +BRNE __DELAY_USW_LOOP
                 	__DELAY_USW 400
000223 9508      	RET
                 
                 
                 	.CSEG
                 _delay_ms:
000224 91e9      	ld   r30,y+
000225 91f9      	ld   r31,y+
000226 9630      	adiw r30,0
000227 f039      	breq __delay_ms1
                 __delay_ms0:
                +
000228 ea80     +LDI R24 , LOW ( 0xFA0 )
000229 e09f     +LDI R25 , HIGH ( 0xFA0 )
                +__DELAY_USW_LOOP :
00022a 9701     +SBIW R24 , 1
00022b f7f1     +BRNE __DELAY_USW_LOOP
                 	__DELAY_USW 0xFA0
00022c 95a8      	wdr
00022d 9731      	sbiw r30,1
00022e f7c9      	brne __delay_ms0
                 __delay_ms1:
00022f 9508      	ret
                 
                 __ADDD12:
000230 0fea      	ADD  R30,R26
000231 1ffb      	ADC  R31,R27
000232 1f68      	ADC  R22,R24
000233 1f79      	ADC  R23,R25
000234 9508      	RET
                 
                 __ANEGW1:
000235 95f1      	NEG  R31
000236 95e1      	NEG  R30
000237 40f0      	SBCI R31,0
000238 9508      	RET
                 
                 __ANEGD1:
000239 95f0      	COM  R31
00023a 9560      	COM  R22
00023b 9570      	COM  R23
00023c 95e1      	NEG  R30
00023d 4fff      	SBCI R31,-1
00023e 4f6f      	SBCI R22,-1
00023f 4f7f      	SBCI R23,-1
000240 9508      	RET
                 
                 __LSLW2:
000241 0fee      	LSL  R30
000242 1fff      	ROL  R31
000243 0fee      	LSL  R30
000244 1fff      	ROL  R31
000245 9508      	RET
                 
                 __CWD1:
000246 2f6f      	MOV  R22,R31
000247 0f66      	ADD  R22,R22
000248 0b66      	SBC  R22,R22
000249 2f76      	MOV  R23,R22
00024a 9508      	RET
                 
                 __MULD12U:
00024b 9f7a      	MUL  R23,R26
00024c 2d70      	MOV  R23,R0
00024d 9f6b      	MUL  R22,R27
00024e 0d70      	ADD  R23,R0
00024f 9ff8      	MUL  R31,R24
000250 0d70      	ADD  R23,R0
000251 9fe9      	MUL  R30,R25
000252 0d70      	ADD  R23,R0
000253 9f6a      	MUL  R22,R26
000254 2d60      	MOV  R22,R0
000255 0d71      	ADD  R23,R1
000256 9ffb      	MUL  R31,R27
000257 0d60      	ADD  R22,R0
000258 1d71      	ADC  R23,R1
000259 9fe8      	MUL  R30,R24
00025a 0d60      	ADD  R22,R0
00025b 1d71      	ADC  R23,R1
00025c 2788      	CLR  R24
00025d 9ffa      	MUL  R31,R26
00025e 2df0      	MOV  R31,R0
00025f 0d61      	ADD  R22,R1
000260 1f78      	ADC  R23,R24
000261 9feb      	MUL  R30,R27
000262 0df0      	ADD  R31,R0
000263 1d61      	ADC  R22,R1
000264 1f78      	ADC  R23,R24
000265 9fea      	MUL  R30,R26
000266 2de0      	MOV  R30,R0
000267 0df1      	ADD  R31,R1
000268 1f68      	ADC  R22,R24
000269 1f78      	ADC  R23,R24
00026a 9508      	RET
                 
                 __MULD12:
00026b d025      	RCALL __CHKSIGND
00026c dfde      	RCALL __MULD12U
00026d f40e      	BRTC __MULD121
00026e dfca      	RCALL __ANEGD1
                 __MULD121:
00026f 9508      	RET
                 
                 __DIVW21U:
000270 2400      	CLR  R0
000271 2411      	CLR  R1
000272 e190      	LDI  R25,16
                 __DIVW21U1:
000273 0faa      	LSL  R26
000274 1fbb      	ROL  R27
000275 1c00      	ROL  R0
000276 1c11      	ROL  R1
000277 1a0e      	SUB  R0,R30
000278 0a1f      	SBC  R1,R31
000279 f418      	BRCC __DIVW21U2
00027a 0e0e      	ADD  R0,R30
00027b 1e1f      	ADC  R1,R31
00027c c001      	RJMP __DIVW21U3
                 __DIVW21U2:
00027d 60a1      	SBR  R26,1
                 __DIVW21U3:
00027e 959a      	DEC  R25
00027f f799      	BRNE __DIVW21U1
000280 01fd      	MOVW R30,R26
000281 01d0      	MOVW R26,R0
000282 9508      	RET
                 
                 __MODW21:
000283 94e8      	CLT
000284 ffb7      	SBRS R27,7
000285 c004      	RJMP __MODW211
000286 95a0      	COM  R26
000287 95b0      	COM  R27
000288 9611      	ADIW R26,1
000289 9468      	SET
                 __MODW211:
00028a fdf7      	SBRC R31,7
00028b dfa9      	RCALL __ANEGW1
00028c dfe3      	RCALL __DIVW21U
00028d 01fd      	MOVW R30,R26
00028e f40e      	BRTC __MODW212
00028f dfa5      	RCALL __ANEGW1
                 __MODW212:
000290 9508      	RET
                 
                 __CHKSIGND:
000291 94e8      	CLT
000292 ff77      	SBRS R23,7
000293 c002      	RJMP __CHKSD1
000294 dfa4      	RCALL __ANEGD1
000295 9468      	SET
                 __CHKSD1:
000296 ff97      	SBRS R25,7
000297 c00b      	RJMP __CHKSD2
000298 2400      	CLR  R0
000299 95a0      	COM  R26
00029a 95b0      	COM  R27
00029b 9580      	COM  R24
00029c 9590      	COM  R25
00029d 9611      	ADIW R26,1
00029e 1d80      	ADC  R24,R0
00029f 1d90      	ADC  R25,R0
0002a0 f800      	BLD  R0,0
0002a1 9403      	INC  R0
0002a2 fa00      	BST  R0,0
                 __CHKSD2:
0002a3 9508      	RET
                 
                 __GETW1P:
0002a4 91ed      	LD   R30,X+
0002a5 91fc      	LD   R31,X
0002a6 9711      	SBIW R26,1
0002a7 9508      	RET
                 
                 __GETW1PF:
0002a8 9005      	LPM  R0,Z+
0002a9 91f4      	LPM  R31,Z
0002aa 2de0      	MOV  R30,R0
0002ab 9508      	RET
                 
                 __GETD2S0:
0002ac 81a8      	LD   R26,Y
0002ad 81b9      	LDD  R27,Y+1
0002ae 818a      	LDD  R24,Y+2
0002af 819b      	LDD  R25,Y+3
0002b0 9508      	RET
                 
                 __PUTD1S0:
0002b1 83e8      	ST   Y,R30
0002b2 83f9      	STD  Y+1,R31
0002b3 836a      	STD  Y+2,R22
0002b4 837b      	STD  Y+3,R23
0002b5 9508      	RET
                 
                 __PUTDZ20:
0002b6 83a0      	ST   Z,R26
0002b7 83b1      	STD  Z+1,R27
0002b8 8382      	STD  Z+2,R24
0002b9 8393      	STD  Z+3,R25
0002ba 9508      	RET
                 
                 __SWAPW12:
0002bb 2e1b      	MOV  R1,R27
0002bc 2fbf      	MOV  R27,R31
0002bd 2df1      	MOV  R31,R1
                 
                 __SWAPB12:
0002be 2e1a      	MOV  R1,R26
0002bf 2fae      	MOV  R26,R30
0002c0 2de1      	MOV  R30,R1
0002c1 9508      	RET
                 
                 ;END OF CODE MARKER
                 __END_OF_CODE:


RESOURCE USE INFORMATION
------------------------

Notice:
The register and instruction counts are symbol table hit counts,
and hence implicitly used resources are not counted, eg, the
'lpm' instruction without operands implicitly uses r0 and z,
none of which are counted.

x,y,z are separate entities in the symbol table and are
counted separately from r26..r31 here.

.dseg memory usage only counts static data declared with .byte

ATmega16 register use summary:
r0 :  27 r1 :  15 r2 :   0 r3 :   0 r4 :   0 r5 :   3 r6 :   4 r7 :   3 
r8 :   1 r9 :   3 r10:   1 r11:   1 r12:   0 r13:   0 r14:   0 r15:   0 
r16:   9 r17:  10 r18:   0 r19:   0 r20:   0 r21:   0 r22:  22 r23:  19 
r24:  34 r25:  16 r26:  37 r27:  27 r28:   4 r29:   1 r30: 206 r31:  49 
x  :   5 y  :  60 z  :  17 
Registers used: 24 out of 35 (68.6%)

ATmega16 instruction use summary:
.lds  :   0 .lds.l:   0 .sts  :   0 .sts.l:   0 adc   :  17 add   :  16 
adiw  :   7 and   :   0 andi  :   5 asr   :   0 bclr  :   0 bld   :   1 
brbc  :   0 brbs  :   0 brcc  :   1 brcs  :   0 break :   0 breq  :   7 
brge  :   0 brhc  :   0 brhs  :   0 brid  :   0 brie  :   0 brlo  :   0 
brlt  :   0 brmi  :   0 brne  :  13 brpl  :   0 brsh  :   1 brtc  :   2 
brts  :   0 brvc  :   0 brvs  :   0 bset  :   0 bst   :   1 call  :  26 
cbi   :   9 cbr   :   0 clc   :   0 clh   :   0 cli   :   1 cln   :   0 
clr   :  10 cls   :   0 clt   :   2 clv   :   0 clz   :   0 com   :   9 
cp    :   1 cpc   :   0 cpi   :   1 cpse  :   0 dec   :   6 des   :   0 
eor   :   0 fmul  :   0 fmuls :   0 fmulsu:   0 icall :   0 ijmp  :   0 
in    :   7 inc   :   2 jmp   :  25 ld    :  24 ldd   :   4 ldi   :  88 
lds   :   0 lpm   :  10 lsl   :   5 lsr   :   0 mov   :  28 movw  :   8 
mul   :  10 muls  :   0 mulsu :   0 neg   :   3 nop   :   0 or    :   0 
ori   :   2 out   :  51 pop   :   4 push  :   4 rcall :  17 ret   :  22 
reti  :   3 rjmp  :  17 rol   :   7 ror   :   0 sbc   :   3 sbci  :   4 
sbi   :  13 sbic  :   0 sbis  :   2 sbiw  :  11 sbr   :   1 sbrc  :   1 
sbrs  :   3 sec   :   0 seh   :   0 sei   :   1 sen   :   0 ser   :   0 
ses   :   0 set   :   2 sev   :   0 sez   :   0 sleep :   0 spm   :   0 
st    :  34 std   :  11 sts   :   2 sub   :   2 subi  :   3 swap  :   1 
tst   :   1 wdr   :   1 
Instructions used: 59 out of 116 (50.9%)

ATmega16 memory use summary [bytes]:
Segment   Begin    End      Code   Data   Used    Size   Use%
---------------------------------------------------------------
[.cseg] 0x000000 0x000584   1250    162   1412   16384   8.6%
[.dseg] 0x000060 0x0001e4      0    132    132    1119  11.8%
[.eseg] 0x000000 0x000000      0      0      0     512   0.0%

Assembly complete, 0 errors, 8 warnings
