
AVRASM ver. 2.1.30  C:\cvavreval\BIN\Lab1\Debug\List\Lab1.asm Fri Aug 09 12:04:00 2024

C:\cvavreval\BIN\Lab1\Debug\List\Lab1.asm(1418): warning: Register r5 already defined by the .DEF directive
C:\cvavreval\BIN\Lab1\Debug\List\Lab1.asm(1419): warning: Register r4 already defined by the .DEF directive
C:\cvavreval\BIN\Lab1\Debug\List\Lab1.asm(1420): warning: Register r7 already defined by the .DEF directive
                 
                 
                 ;CodeVisionAVR C Compiler V4.02 Evaluation
                 ;(C) Copyright 1998-2024 Pavel Haiduc, HP InfoTech S.R.L.
                 ;http://www.hpinfotech.ro
                 
                 ;Build configuration    : Debug
                 ;Chip type              : ATmega16
                 ;Program type           : Application
                 ;Clock frequency        : 16.000000 MHz
                 ;Memory model           : Small
                 ;Optimize for           : Size
                 ;(s)printf features     : int, width
                 ;(s)scanf features      : int, width
                 ;External RAM size      : 0
                 ;Data Stack size        : 256 byte(s)
                 ;Heap size              : 0 byte(s)
                 ;Promote 'char' to 'int': Yes
                 ;'char' is unsigned     : Yes
                 ;8 bit enums            : Yes
                 ;Global 'const' stored in FLASH: Yes
                 ;Enhanced function parameter passing: Mode 2
                 ;Enhanced core instructions: On
                 ;Automatic register allocation for global variables: On
                 ;Smart register allocation: On
                 
                 	#define _MODEL_SMALL_
                 
                 	#pragma AVRPART ADMIN PART_NAME ATmega16
                 	#pragma AVRPART MEMORY PROG_FLASH 16384
                 	#pragma AVRPART MEMORY EEPROM 512
                 	#pragma AVRPART MEMORY INT_SRAM SIZE 1024
                 	#pragma AVRPART MEMORY INT_SRAM START_ADDR 0x60
                 
                 	#define CALL_SUPPORTED 1
                 
                 	.LISTMAC
                 
                 	.EQU UDRE=0x5
                 	.EQU RXC=0x7
                 	.EQU USR=0xB
                 	.EQU UDR=0xC
                 	.EQU SPSR=0xE
                 	.EQU SPDR=0xF
                 	.EQU EERE=0x0
                 	.EQU EEWE=0x1
                 	.EQU EEMWE=0x2
                 	.EQU EECR=0x1C
                 	.EQU EEDR=0x1D
                 	.EQU EEARL=0x1E
                 	.EQU EEARH=0x1F
                 	.EQU WDTCR=0x21
                 	.EQU MCUCR=0x35
                 	.EQU SPMCSR=0x37
                 	.EQU GICR=0x3B
                 	.EQU SPL=0x3D
                 	.EQU SPH=0x3E
                 	.EQU SREG=0x3F
                 
                 	.DEF R0X0=R0
                 	.DEF R0X1=R1
                 	.DEF R0X2=R2
                 	.DEF R0X3=R3
                 	.DEF R0X4=R4
                 	.DEF R0X5=R5
                 	.DEF R0X6=R6
                 	.DEF R0X7=R7
                 	.DEF R0X8=R8
                 	.DEF R0X9=R9
                 	.DEF R0XA=R10
                 	.DEF R0XB=R11
                 	.DEF R0XC=R12
                 	.DEF R0XD=R13
                 	.DEF R0XE=R14
                 	.DEF R0XF=R15
                 	.DEF R0X10=R16
                 	.DEF R0X11=R17
                 	.DEF R0X12=R18
                 	.DEF R0X13=R19
                 	.DEF R0X14=R20
                 	.DEF R0X15=R21
                 	.DEF R0X16=R22
                 	.DEF R0X17=R23
                 	.DEF R0X18=R24
                 	.DEF R0X19=R25
                 	.DEF R0X1A=R26
                 	.DEF R0X1B=R27
                 	.DEF R0X1C=R28
                 	.DEF R0X1D=R29
                 	.DEF R0X1E=R30
                 	.DEF R0X1F=R31
                 
                 	.EQU __SRAM_START=0x0060
                 	.EQU __SRAM_END=0x045F
                 	.EQU __DSTACK_SIZE=0x0100
                 	.EQU __HEAP_SIZE=0x0000
                 	.EQU __CLEAR_SRAM_SIZE=__SRAM_END-__SRAM_START+1
                 
                 	.EQU __FLASH_PAGE_SIZE=0x40
                 
                 	.MACRO __CPD1N
                 	CPI  R30,LOW(@0)
                 	LDI  R26,HIGH(@0)
                 	CPC  R31,R26
                 	LDI  R26,BYTE3(@0)
                 	CPC  R22,R26
                 	LDI  R26,BYTE4(@0)
                 	CPC  R23,R26
                 	.ENDM
                 
                 	.MACRO __CPD2N
                 	CPI  R26,LOW(@0)
                 	LDI  R30,HIGH(@0)
                 	CPC  R27,R30
                 	LDI  R30,BYTE3(@0)
                 	CPC  R24,R30
                 	LDI  R30,BYTE4(@0)
                 	CPC  R25,R30
                 	.ENDM
                 
                 	.MACRO __CPWRR
                 	CP   R@0,R@2
                 	CPC  R@1,R@3
                 	.ENDM
                 
                 	.MACRO __CPWRN
                 	CPI  R@0,LOW(@2)
                 	LDI  R30,HIGH(@2)
                 	CPC  R@1,R30
                 	.ENDM
                 
                 	.MACRO __ADDB1MN
                 	SUBI R30,LOW(-@0-(@1))
                 	.ENDM
                 
                 	.MACRO __ADDB2MN
                 	SUBI R26,LOW(-@0-(@1))
                 	.ENDM
                 
                 	.MACRO __ADDW1MN
                 	SUBI R30,LOW(-@0-(@1))
                 	SBCI R31,HIGH(-@0-(@1))
                 	.ENDM
                 
                 	.MACRO __ADDW2MN
                 	SUBI R26,LOW(-@0-(@1))
                 	SBCI R27,HIGH(-@0-(@1))
                 	.ENDM
                 
                 	.MACRO __ADDW1FN
                 	SUBI R30,LOW(-2*@0-(@1))
                 	SBCI R31,HIGH(-2*@0-(@1))
                 	.ENDM
                 
                 	.MACRO __ADDD1FN
                 	SUBI R30,LOW(-2*@0-(@1))
                 	SBCI R31,HIGH(-2*@0-(@1))
                 	SBCI R22,BYTE3(-2*@0-(@1))
                 	.ENDM
                 
                 	.MACRO __ADDD1N
                 	SUBI R30,LOW(-@0)
                 	SBCI R31,HIGH(-@0)
                 	SBCI R22,BYTE3(-@0)
                 	SBCI R23,BYTE4(-@0)
                 	.ENDM
                 
                 	.MACRO __ADDD2N
                 	SUBI R26,LOW(-@0)
                 	SBCI R27,HIGH(-@0)
                 	SBCI R24,BYTE3(-@0)
                 	SBCI R25,BYTE4(-@0)
                 	.ENDM
                 
                 	.MACRO __SUBD1N
                 	SUBI R30,LOW(@0)
                 	SBCI R31,HIGH(@0)
                 	SBCI R22,BYTE3(@0)
                 	SBCI R23,BYTE4(@0)
                 	.ENDM
                 
                 	.MACRO __SUBD2N
                 	SUBI R26,LOW(@0)
                 	SBCI R27,HIGH(@0)
                 	SBCI R24,BYTE3(@0)
                 	SBCI R25,BYTE4(@0)
                 	.ENDM
                 
                 	.MACRO __ANDBMNN
                 	LDS  R30,@0+(@1)
                 	ANDI R30,LOW(@2)
                 	STS  @0+(@1),R30
                 	.ENDM
                 
                 	.MACRO __ANDWMNN
                 	LDS  R30,@0+(@1)
                 	ANDI R30,LOW(@2)
                 	STS  @0+(@1),R30
                 	LDS  R30,@0+(@1)+1
                 	ANDI R30,HIGH(@2)
                 	STS  @0+(@1)+1,R30
                 	.ENDM
                 
                 	.MACRO __ANDD1N
                 	ANDI R30,LOW(@0)
                 	ANDI R31,HIGH(@0)
                 	ANDI R22,BYTE3(@0)
                 	ANDI R23,BYTE4(@0)
                 	.ENDM
                 
                 	.MACRO __ANDD2N
                 	ANDI R26,LOW(@0)
                 	ANDI R27,HIGH(@0)
                 	ANDI R24,BYTE3(@0)
                 	ANDI R25,BYTE4(@0)
                 	.ENDM
                 
                 	.MACRO __ORBMNN
                 	LDS  R30,@0+(@1)
                 	ORI  R30,LOW(@2)
                 	STS  @0+(@1),R30
                 	.ENDM
                 
                 	.MACRO __ORWMNN
                 	LDS  R30,@0+(@1)
                 	ORI  R30,LOW(@2)
                 	STS  @0+(@1),R30
                 	LDS  R30,@0+(@1)+1
                 	ORI  R30,HIGH(@2)
                 	STS  @0+(@1)+1,R30
                 	.ENDM
                 
                 	.MACRO __ORD1N
                 	ORI  R30,LOW(@0)
                 	ORI  R31,HIGH(@0)
                 	ORI  R22,BYTE3(@0)
                 	ORI  R23,BYTE4(@0)
                 	.ENDM
                 
                 	.MACRO __ORD2N
                 	ORI  R26,LOW(@0)
                 	ORI  R27,HIGH(@0)
                 	ORI  R24,BYTE3(@0)
                 	ORI  R25,BYTE4(@0)
                 	.ENDM
                 
                 	.MACRO __DELAY_USB
                 	LDI  R24,LOW(@0)
                 __DELAY_USB_LOOP:
                 	DEC  R24
                 	BRNE __DELAY_USB_LOOP
                 	.ENDM
                 
                 	.MACRO __DELAY_USW
                 	LDI  R24,LOW(@0)
                 	LDI  R25,HIGH(@0)
                 __DELAY_USW_LOOP:
                 	SBIW R24,1
                 	BRNE __DELAY_USW_LOOP
                 	.ENDM
                 
                 	.MACRO __GETW1P
                 	LD   R30,X+
                 	LD   R31,X
                 	SBIW R26,1
                 	.ENDM
                 
                 	.MACRO __GETD1S
                 	LDD  R30,Y+@0
                 	LDD  R31,Y+@0+1
                 	LDD  R22,Y+@0+2
                 	LDD  R23,Y+@0+3
                 	.ENDM
                 
                 	.MACRO __GETD2S
                 	LDD  R26,Y+@0
                 	LDD  R27,Y+@0+1
                 	LDD  R24,Y+@0+2
                 	LDD  R25,Y+@0+3
                 	.ENDM
                 
                 	.MACRO __GETD1P_INC
                 	LD   R30,X+
                 	LD   R31,X+
                 	LD   R22,X+
                 	LD   R23,X+
                 	.ENDM
                 
                 	.MACRO __GETD1P_DEC
                 	LD   R23,-X
                 	LD   R22,-X
                 	LD   R31,-X
                 	LD   R30,-X
                 	.ENDM
                 
                 	.MACRO __PUTDP1
                 	ST   X+,R30
                 	ST   X+,R31
                 	ST   X+,R22
                 	ST   X,R23
                 	.ENDM
                 
                 	.MACRO __PUTDP1_DEC
                 	ST   -X,R23
                 	ST   -X,R22
                 	ST   -X,R31
                 	ST   -X,R30
                 	.ENDM
                 
                 	.MACRO __PUTD1S
                 	STD  Y+@0,R30
                 	STD  Y+@0+1,R31
                 	STD  Y+@0+2,R22
                 	STD  Y+@0+3,R23
                 	.ENDM
                 
                 	.MACRO __PUTD2S
                 	STD  Y+@0,R26
                 	STD  Y+@0+1,R27
                 	STD  Y+@0+2,R24
                 	STD  Y+@0+3,R25
                 	.ENDM
                 
                 	.MACRO __PUTDZ2
                 	STD  Z+@0,R26
                 	STD  Z+@0+1,R27
                 	STD  Z+@0+2,R24
                 	STD  Z+@0+3,R25
                 	.ENDM
                 
                 	.MACRO __CLRD1S
                 	STD  Y+@0,R30
                 	STD  Y+@0+1,R30
                 	STD  Y+@0+2,R30
                 	STD  Y+@0+3,R30
                 	.ENDM
                 
                 	.MACRO __CPD10
                 	SBIW R30,0
                 	SBCI R22,0
                 	SBCI R23,0
                 	.ENDM
                 
                 	.MACRO __CPD20
                 	SBIW R26,0
                 	SBCI R24,0
                 	SBCI R25,0
                 	.ENDM
                 
                 	.MACRO __ADDD12
                 	ADD  R30,R26
                 	ADC  R31,R27
                 	ADC  R22,R24
                 	ADC  R23,R25
                 	.ENDM
                 
                 	.MACRO __ADDD21
                 	ADD  R26,R30
                 	ADC  R27,R31
                 	ADC  R24,R22
                 	ADC  R25,R23
                 	.ENDM
                 
                 	.MACRO __SUBD12
                 	SUB  R30,R26
                 	SBC  R31,R27
                 	SBC  R22,R24
                 	SBC  R23,R25
                 	.ENDM
                 
                 	.MACRO __SUBD21
                 	SUB  R26,R30
                 	SBC  R27,R31
                 	SBC  R24,R22
                 	SBC  R25,R23
                 	.ENDM
                 
                 	.MACRO __ANDD12
                 	AND  R30,R26
                 	AND  R31,R27
                 	AND  R22,R24
                 	AND  R23,R25
                 	.ENDM
                 
                 	.MACRO __ORD12
                 	OR   R30,R26
                 	OR   R31,R27
                 	OR   R22,R24
                 	OR   R23,R25
                 	.ENDM
                 
                 	.MACRO __XORD12
                 	EOR  R30,R26
                 	EOR  R31,R27
                 	EOR  R22,R24
                 	EOR  R23,R25
                 	.ENDM
                 
                 	.MACRO __XORD21
                 	EOR  R26,R30
                 	EOR  R27,R31
                 	EOR  R24,R22
                 	EOR  R25,R23
                 	.ENDM
                 
                 	.MACRO __COMD1
                 	COM  R30
                 	COM  R31
                 	COM  R22
                 	COM  R23
                 	.ENDM
                 
                 	.MACRO __MULD2_2
                 	LSL  R26
                 	ROL  R27
                 	ROL  R24
                 	ROL  R25
                 	.ENDM
                 
                 	.MACRO __LSRD1
                 	LSR  R23
                 	ROR  R22
                 	ROR  R31
                 	ROR  R30
                 	.ENDM
                 
                 	.MACRO __LSLD1
                 	LSL  R30
                 	ROL  R31
                 	ROL  R22
                 	ROL  R23
                 	.ENDM
                 
                 	.MACRO __ASRB4
                 	ASR  R30
                 	ASR  R30
                 	ASR  R30
                 	ASR  R30
                 	.ENDM
                 
                 	.MACRO __ASRW8
                 	MOV  R30,R31
                 	CLR  R31
                 	SBRC R30,7
                 	SER  R31
                 	.ENDM
                 
                 	.MACRO __LSRD16
                 	MOV  R30,R22
                 	MOV  R31,R23
                 	LDI  R22,0
                 	LDI  R23,0
                 	.ENDM
                 
                 	.MACRO __LSLD16
                 	MOV  R22,R30
                 	MOV  R23,R31
                 	LDI  R30,0
                 	LDI  R31,0
                 	.ENDM
                 
                 	.MACRO __CWD1
                 	MOV  R22,R31
                 	ADD  R22,R22
                 	SBC  R22,R22
                 	MOV  R23,R22
                 	.ENDM
                 
                 	.MACRO __CWD2
                 	MOV  R24,R27
                 	ADD  R24,R24
                 	SBC  R24,R24
                 	MOV  R25,R24
                 	.ENDM
                 
                 	.MACRO __SETMSD1
                 	SER  R31
                 	SER  R22
                 	SER  R23
                 	.ENDM
                 
                 	.MACRO __ADDW1R15
                 	CLR  R0
                 	ADD  R30,R15
                 	ADC  R31,R0
                 	.ENDM
                 
                 	.MACRO __ADDW2R15
                 	CLR  R0
                 	ADD  R26,R15
                 	ADC  R27,R0
                 	.ENDM
                 
                 	.MACRO __EQB12
                 	CP   R30,R26
                 	LDI  R30,1
                 	BREQ PC+2
                 	CLR  R30
                 	.ENDM
                 
                 	.MACRO __NEB12
                 	CP   R30,R26
                 	LDI  R30,1
                 	BRNE PC+2
                 	CLR  R30
                 	.ENDM
                 
                 	.MACRO __LEB12
                 	CP   R30,R26
                 	LDI  R30,1
                 	BRGE PC+2
                 	CLR  R30
                 	.ENDM
                 
                 	.MACRO __GEB12
                 	CP   R26,R30
                 	LDI  R30,1
                 	BRGE PC+2
                 	CLR  R30
                 	.ENDM
                 
                 	.MACRO __LTB12
                 	CP   R26,R30
                 	LDI  R30,1
                 	BRLT PC+2
                 	CLR  R30
                 	.ENDM
                 
                 	.MACRO __GTB12
                 	CP   R30,R26
                 	LDI  R30,1
                 	BRLT PC+2
                 	CLR  R30
                 	.ENDM
                 
                 	.MACRO __LEB12U
                 	CP   R30,R26
                 	LDI  R30,1
                 	BRSH PC+2
                 	CLR  R30
                 	.ENDM
                 
                 	.MACRO __GEB12U
                 	CP   R26,R30
                 	LDI  R30,1
                 	BRSH PC+2
                 	CLR  R30
                 	.ENDM
                 
                 	.MACRO __LTB12U
                 	CP   R26,R30
                 	LDI  R30,1
                 	BRLO PC+2
                 	CLR  R30
                 	.ENDM
                 
                 	.MACRO __GTB12U
                 	CP   R30,R26
                 	LDI  R30,1
                 	BRLO PC+2
                 	CLR  R30
                 	.ENDM
                 
                 	.MACRO __CPW01
                 	CLR  R0
                 	CP   R0,R30
                 	CPC  R0,R31
                 	.ENDM
                 
                 	.MACRO __CPW02
                 	CLR  R0
                 	CP   R0,R26
                 	CPC  R0,R27
                 	.ENDM
                 
                 	.MACRO __CPD12
                 	CP   R30,R26
                 	CPC  R31,R27
                 	CPC  R22,R24
                 	CPC  R23,R25
                 	.ENDM
                 
                 	.MACRO __CPD21
                 	CP   R26,R30
                 	CPC  R27,R31
                 	CPC  R24,R22
                 	CPC  R25,R23
                 	.ENDM
                 
                 	.MACRO __BSTB1
                 	CLT
                 	TST  R30
                 	BREQ PC+2
                 	SET
                 	.ENDM
                 
                 	.MACRO __LNEGB1
                 	TST  R30
                 	LDI  R30,1
                 	BREQ PC+2
                 	CLR  R30
                 	.ENDM
                 
                 	.MACRO __LNEGW1
                 	OR   R30,R31
                 	LDI  R30,1
                 	BREQ PC+2
                 	LDI  R30,0
                 	.ENDM
                 
                 	.MACRO __POINTB1MN
                 	LDI  R30,LOW(@0+(@1))
                 	.ENDM
                 
                 	.MACRO __POINTW1MN
                 	LDI  R30,LOW(@0+(@1))
                 	LDI  R31,HIGH(@0+(@1))
                 	.ENDM
                 
                 	.MACRO __POINTD1M
                 	LDI  R30,LOW(@0)
                 	LDI  R31,HIGH(@0)
                 	LDI  R22,BYTE3(@0)
                 	LDI  R23,BYTE4(@0)
                 	.ENDM
                 
                 	.MACRO __POINTW1FN
                 	LDI  R30,LOW(2*@0+(@1))
                 	LDI  R31,HIGH(2*@0+(@1))
                 	.ENDM
                 
                 	.MACRO __POINTD1FN
                 	LDI  R30,LOW(2*@0+(@1))
                 	LDI  R31,HIGH(2*@0+(@1))
                 	LDI  R22,BYTE3(2*@0+(@1))
                 	LDI  R23,BYTE4(2*@0+(@1))
                 	.ENDM
                 
                 	.MACRO __POINTB2MN
                 	LDI  R26,LOW(@0+(@1))
                 	.ENDM
                 
                 	.MACRO __POINTW2MN
                 	LDI  R26,LOW(@0+(@1))
                 	LDI  R27,HIGH(@0+(@1))
                 	.ENDM
                 
                 	.MACRO __POINTD2M
                 	LDI  R26,LOW(@0)
                 	LDI  R27,HIGH(@0)
                 	LDI  R24,BYTE3(@0)
                 	LDI  R25,BYTE4(@0)
                 	.ENDM
                 
                 	.MACRO __POINTW2FN
                 	LDI  R26,LOW(2*@0+(@1))
                 	LDI  R27,HIGH(2*@0+(@1))
                 	.ENDM
                 
                 	.MACRO __POINTD2FN
                 	LDI  R26,LOW(2*@0+(@1))
                 	LDI  R27,HIGH(2*@0+(@1))
                 	LDI  R24,BYTE3(2*@0+(@1))
                 	LDI  R25,BYTE4(2*@0+(@1))
                 	.ENDM
                 
                 	.MACRO __POINTBRM
                 	LDI  R@0,LOW(@1)
                 	.ENDM
                 
                 	.MACRO __POINTWRM
                 	LDI  R@0,LOW(@2)
                 	LDI  R@1,HIGH(@2)
                 	.ENDM
                 
                 	.MACRO __POINTBRMN
                 	LDI  R@0,LOW(@1+(@2))
                 	.ENDM
                 
                 	.MACRO __POINTWRMN
                 	LDI  R@0,LOW(@2+(@3))
                 	LDI  R@1,HIGH(@2+(@3))
                 	.ENDM
                 
                 	.MACRO __POINTWRFN
                 	LDI  R@0,LOW(@2*2+(@3))
                 	LDI  R@1,HIGH(@2*2+(@3))
                 	.ENDM
                 
                 	.MACRO __GETD1N
                 	LDI  R30,LOW(@0)
                 	LDI  R31,HIGH(@0)
                 	LDI  R22,BYTE3(@0)
                 	LDI  R23,BYTE4(@0)
                 	.ENDM
                 
                 	.MACRO __GETD2N
                 	LDI  R26,LOW(@0)
                 	LDI  R27,HIGH(@0)
                 	LDI  R24,BYTE3(@0)
                 	LDI  R25,BYTE4(@0)
                 	.ENDM
                 
                 	.MACRO __GETB1MN
                 	LDS  R30,@0+(@1)
                 	.ENDM
                 
                 	.MACRO __GETB1HMN
                 	LDS  R31,@0+(@1)
                 	.ENDM
                 
                 	.MACRO __GETW1MN
                 	LDS  R30,@0+(@1)
                 	LDS  R31,@0+(@1)+1
                 	.ENDM
                 
                 	.MACRO __GETD1MN
                 	LDS  R30,@0+(@1)
                 	LDS  R31,@0+(@1)+1
                 	LDS  R22,@0+(@1)+2
                 	LDS  R23,@0+(@1)+3
                 	.ENDM
                 
                 	.MACRO __GETBRMN
                 	LDS  R@0,@1+(@2)
                 	.ENDM
                 
                 	.MACRO __GETWRMN
                 	LDS  R@0,@2+(@3)
                 	LDS  R@1,@2+(@3)+1
                 	.ENDM
                 
                 	.MACRO __GETWRZ
                 	LDD  R@0,Z+@2
                 	LDD  R@1,Z+@2+1
                 	.ENDM
                 
                 	.MACRO __GETD2Z
                 	LDD  R26,Z+@0
                 	LDD  R27,Z+@0+1
                 	LDD  R24,Z+@0+2
                 	LDD  R25,Z+@0+3
                 	.ENDM
                 
                 	.MACRO __GETB2MN
                 	LDS  R26,@0+(@1)
                 	.ENDM
                 
                 	.MACRO __GETW2MN
                 	LDS  R26,@0+(@1)
                 	LDS  R27,@0+(@1)+1
                 	.ENDM
                 
                 	.MACRO __GETD2MN
                 	LDS  R26,@0+(@1)
                 	LDS  R27,@0+(@1)+1
                 	LDS  R24,@0+(@1)+2
                 	LDS  R25,@0+(@1)+3
                 	.ENDM
                 
                 	.MACRO __PUTB1MN
                 	STS  @0+(@1),R30
                 	.ENDM
                 
                 	.MACRO __PUTW1MN
                 	STS  @0+(@1),R30
                 	STS  @0+(@1)+1,R31
                 	.ENDM
                 
                 	.MACRO __PUTD1MN
                 	STS  @0+(@1),R30
                 	STS  @0+(@1)+1,R31
                 	STS  @0+(@1)+2,R22
                 	STS  @0+(@1)+3,R23
                 	.ENDM
                 
                 	.MACRO __PUTB1EN
                 	LDI  R26,LOW(@0+(@1))
                 	LDI  R27,HIGH(@0+(@1))
                 	CALL __EEPROMWRB
                 	.ENDM
                 
                 	.MACRO __PUTW1EN
                 	LDI  R26,LOW(@0+(@1))
                 	LDI  R27,HIGH(@0+(@1))
                 	CALL __EEPROMWRW
                 	.ENDM
                 
                 	.MACRO __PUTD1EN
                 	LDI  R26,LOW(@0+(@1))
                 	LDI  R27,HIGH(@0+(@1))
                 	CALL __EEPROMWRD
                 	.ENDM
                 
                 	.MACRO __PUTBR0MN
                 	STS  @0+(@1),R0
                 	.ENDM
                 
                 	.MACRO __PUTBMRN
                 	STS  @0+(@1),R@2
                 	.ENDM
                 
                 	.MACRO __PUTWMRN
                 	STS  @0+(@1),R@2
                 	STS  @0+(@1)+1,R@3
                 	.ENDM
                 
                 	.MACRO __PUTBZR
                 	STD  Z+@1,R@0
                 	.ENDM
                 
                 	.MACRO __PUTWZR
                 	STD  Z+@2,R@0
                 	STD  Z+@2+1,R@1
                 	.ENDM
                 
                 	.MACRO __GETW1R
                 	MOV  R30,R@0
                 	MOV  R31,R@1
                 	.ENDM
                 
                 	.MACRO __GETW2R
                 	MOV  R26,R@0
                 	MOV  R27,R@1
                 	.ENDM
                 
                 	.MACRO __GETWRN
                 	LDI  R@0,LOW(@2)
                 	LDI  R@1,HIGH(@2)
                 	.ENDM
                 
                 	.MACRO __PUTW1R
                 	MOV  R@0,R30
                 	MOV  R@1,R31
                 	.ENDM
                 
                 	.MACRO __PUTW2R
                 	MOV  R@0,R26
                 	MOV  R@1,R27
                 	.ENDM
                 
                 	.MACRO __ADDWRN
                 	SUBI R@0,LOW(-@2)
                 	SBCI R@1,HIGH(-@2)
                 	.ENDM
                 
                 	.MACRO __ADDWRR
                 	ADD  R@0,R@2
                 	ADC  R@1,R@3
                 	.ENDM
                 
                 	.MACRO __SUBWRN
                 	SUBI R@0,LOW(@2)
                 	SBCI R@1,HIGH(@2)
                 	.ENDM
                 
                 	.MACRO __SUBWRR
                 	SUB  R@0,R@2
                 	SBC  R@1,R@3
                 	.ENDM
                 
                 	.MACRO __ANDWRN
                 	ANDI R@0,LOW(@2)
                 	ANDI R@1,HIGH(@2)
                 	.ENDM
                 
                 	.MACRO __ANDWRR
                 	AND  R@0,R@2
                 	AND  R@1,R@3
                 	.ENDM
                 
                 	.MACRO __ORWRN
                 	ORI  R@0,LOW(@2)
                 	ORI  R@1,HIGH(@2)
                 	.ENDM
                 
                 	.MACRO __ORWRR
                 	OR   R@0,R@2
                 	OR   R@1,R@3
                 	.ENDM
                 
                 	.MACRO __EORWRR
                 	EOR  R@0,R@2
                 	EOR  R@1,R@3
                 	.ENDM
                 
                 	.MACRO __GETWRS
                 	LDD  R@0,Y+@2
                 	LDD  R@1,Y+@2+1
                 	.ENDM
                 
                 	.MACRO __PUTBSR
                 	STD  Y+@1,R@0
                 	.ENDM
                 
                 	.MACRO __PUTWSR
                 	STD  Y+@2,R@0
                 	STD  Y+@2+1,R@1
                 	.ENDM
                 
                 	.MACRO __MOVEWRR
                 	MOV  R@0,R@2
                 	MOV  R@1,R@3
                 	.ENDM
                 
                 	.MACRO __INWR
                 	IN   R@0,@2
                 	IN   R@1,@2+1
                 	.ENDM
                 
                 	.MACRO __OUTWR
                 	OUT  @2+1,R@1
                 	OUT  @2,R@0
                 	.ENDM
                 
                 	.MACRO __CALL1MN
                 	LDS  R30,@0+(@1)
                 	LDS  R31,@0+(@1)+1
                 	ICALL
                 	.ENDM
                 
                 	.MACRO __CALL1FN
                 	LDI  R30,LOW(2*@0+(@1))
                 	LDI  R31,HIGH(2*@0+(@1))
                 	CALL __GETW1PF
                 	ICALL
                 	.ENDM
                 
                 	.MACRO __CALL2EN
                 	PUSH R26
                 	PUSH R27
                 	LDI  R26,LOW(@0+(@1))
                 	LDI  R27,HIGH(@0+(@1))
                 	CALL __EEPROMRDW
                 	POP  R27
                 	POP  R26
                 	ICALL
                 	.ENDM
                 
                 	.MACRO __CALL2EX
                 	SUBI R26,LOW(-@0)
                 	SBCI R27,HIGH(-@0)
                 	CALL __EEPROMRDD
                 	ICALL
                 	.ENDM
                 
                 	.MACRO __GETW1STACK
                 	IN   R30,SPL
                 	IN   R31,SPH
                 	ADIW R30,@0+1
                 	LD   R0,Z+
                 	LD   R31,Z
                 	MOV  R30,R0
                 	.ENDM
                 
                 	.MACRO __GETD1STACK
                 	IN   R30,SPL
                 	IN   R31,SPH
                 	ADIW R30,@0+1
                 	LD   R0,Z+
                 	LD   R1,Z+
                 	LD   R22,Z
                 	MOVW R30,R0
                 	.ENDM
                 
                 	.MACRO __NBST
                 	BST  R@0,@1
                 	IN   R30,SREG
                 	LDI  R31,0x40
                 	EOR  R30,R31
                 	OUT  SREG,R30
                 	.ENDM
                 
                 
                 	.MACRO __PUTB1SN
                 	LDD  R26,Y+@0
                 	LDD  R27,Y+@0+1
                 	SUBI R26,LOW(-@1)
                 	SBCI R27,HIGH(-@1)
                 	ST   X,R30
                 	.ENDM
                 
                 	.MACRO __PUTW1SN
                 	LDD  R26,Y+@0
                 	LDD  R27,Y+@0+1
                 	SUBI R26,LOW(-@1)
                 	SBCI R27,HIGH(-@1)
                 	ST   X+,R30
                 	ST   X,R31
                 	.ENDM
                 
                 	.MACRO __PUTD1SN
                 	LDD  R26,Y+@0
                 	LDD  R27,Y+@0+1
                 	SUBI R26,LOW(-@1)
                 	SBCI R27,HIGH(-@1)
                 	ST   X+,R30
                 	ST   X+,R31
                 	ST   X+,R22
                 	ST   X,R23
                 	.ENDM
                 
                 	.MACRO __PUTB1SNS
                 	LDD  R26,Y+@0
                 	LDD  R27,Y+@0+1
                 	ADIW R26,@1
                 	ST   X,R30
                 	.ENDM
                 
                 	.MACRO __PUTW1SNS
                 	LDD  R26,Y+@0
                 	LDD  R27,Y+@0+1
                 	ADIW R26,@1
                 	ST   X+,R30
                 	ST   X,R31
                 	.ENDM
                 
                 	.MACRO __PUTD1SNS
                 	LDD  R26,Y+@0
                 	LDD  R27,Y+@0+1
                 	ADIW R26,@1
                 	ST   X+,R30
                 	ST   X+,R31
                 	ST   X+,R22
                 	ST   X,R23
                 	.ENDM
                 
                 	.MACRO __PUTB1PMN
                 	LDS  R26,@0
                 	LDS  R27,@0+1
                 	SUBI R26,LOW(-@1)
                 	SBCI R27,HIGH(-@1)
                 	ST   X,R30
                 	.ENDM
                 
                 	.MACRO __PUTW1PMN
                 	LDS  R26,@0
                 	LDS  R27,@0+1
                 	SUBI R26,LOW(-@1)
                 	SBCI R27,HIGH(-@1)
                 	ST   X+,R30
                 	ST   X,R31
                 	.ENDM
                 
                 	.MACRO __PUTD1PMN
                 	LDS  R26,@0
                 	LDS  R27,@0+1
                 	SUBI R26,LOW(-@1)
                 	SBCI R27,HIGH(-@1)
                 	ST   X+,R30
                 	ST   X+,R31
                 	ST   X+,R22
                 	ST   X,R23
                 	.ENDM
                 
                 	.MACRO __PUTB1PMNS
                 	LDS  R26,@0
                 	LDS  R27,@0+1
                 	ADIW R26,@1
                 	ST   X,R30
                 	.ENDM
                 
                 	.MACRO __PUTW1PMNS
                 	LDS  R26,@0
                 	LDS  R27,@0+1
                 	ADIW R26,@1
                 	ST   X+,R30
                 	ST   X,R31
                 	.ENDM
                 
                 	.MACRO __PUTD1PMNS
                 	LDS  R26,@0
                 	LDS  R27,@0+1
                 	ADIW R26,@1
                 	ST   X+,R30
                 	ST   X+,R31
                 	ST   X+,R22
                 	ST   X,R23
                 	.ENDM
                 
                 	.MACRO __PUTB1RN
                 	MOVW R26,R@0
                 	SUBI R26,LOW(-@1)
                 	SBCI R27,HIGH(-@1)
                 	ST   X,R30
                 	.ENDM
                 
                 	.MACRO __PUTW1RN
                 	MOVW R26,R@0
                 	SUBI R26,LOW(-@1)
                 	SBCI R27,HIGH(-@1)
                 	ST   X+,R30
                 	ST   X,R31
                 	.ENDM
                 
                 	.MACRO __PUTD1RN
                 	MOVW R26,R@0
                 	SUBI R26,LOW(-@1)
                 	SBCI R27,HIGH(-@1)
                 	ST   X+,R30
                 	ST   X+,R31
                 	ST   X+,R22
                 	ST   X,R23
                 	.ENDM
                 
                 	.MACRO __PUTB1RNS
                 	MOVW R26,R@0
                 	ADIW R26,@1
                 	ST   X,R30
                 	.ENDM
                 
                 	.MACRO __PUTW1RNS
                 	MOVW R26,R@0
                 	ADIW R26,@1
                 	ST   X+,R30
                 	ST   X,R31
                 	.ENDM
                 
                 	.MACRO __PUTD1RNS
                 	MOVW R26,R@0
                 	ADIW R26,@1
                 	ST   X+,R30
                 	ST   X+,R31
                 	ST   X+,R22
                 	ST   X,R23
                 	.ENDM
                 
                 	.MACRO __PUTB1RON
                 	MOV  R26,R@0
                 	MOV  R27,R@1
                 	SUBI R26,LOW(-@2)
                 	SBCI R27,HIGH(-@2)
                 	ST   X,R30
                 	.ENDM
                 
                 	.MACRO __PUTW1RON
                 	MOV  R26,R@0
                 	MOV  R27,R@1
                 	SUBI R26,LOW(-@2)
                 	SBCI R27,HIGH(-@2)
                 	ST   X+,R30
                 	ST   X,R31
                 	.ENDM
                 
                 	.MACRO __PUTD1RON
                 	MOV  R26,R@0
                 	MOV  R27,R@1
                 	SUBI R26,LOW(-@2)
                 	SBCI R27,HIGH(-@2)
                 	ST   X+,R30
                 	ST   X+,R31
                 	ST   X+,R22
                 	ST   X,R23
                 	.ENDM
                 
                 	.MACRO __PUTB1RONS
                 	MOV  R26,R@0
                 	MOV  R27,R@1
                 	ADIW R26,@2
                 	ST   X,R30
                 	.ENDM
                 
                 	.MACRO __PUTW1RONS
                 	MOV  R26,R@0
                 	MOV  R27,R@1
                 	ADIW R26,@2
                 	ST   X+,R30
                 	ST   X,R31
                 	.ENDM
                 
                 	.MACRO __PUTD1RONS
                 	MOV  R26,R@0
                 	MOV  R27,R@1
                 	ADIW R26,@2
                 	ST   X+,R30
                 	ST   X+,R31
                 	ST   X+,R22
                 	ST   X,R23
                 	.ENDM
                 
                 
                 	.MACRO __GETB1SX
                 	MOVW R30,R28
                 	SUBI R30,LOW(-@0)
                 	SBCI R31,HIGH(-@0)
                 	LD   R30,Z
                 	.ENDM
                 
                 	.MACRO __GETB1HSX
                 	MOVW R30,R28
                 	SUBI R30,LOW(-@0)
                 	SBCI R31,HIGH(-@0)
                 	LD   R31,Z
                 	.ENDM
                 
                 	.MACRO __GETW1SX
                 	MOVW R30,R28
                 	SUBI R30,LOW(-@0)
                 	SBCI R31,HIGH(-@0)
                 	CALL __GETW1Z
                 	.ENDM
                 
                 	.MACRO __GETD1SX
                 	MOVW R30,R28
                 	SUBI R30,LOW(-@0)
                 	SBCI R31,HIGH(-@0)
                 	CALL __GETD1Z
                 	.ENDM
                 
                 	.MACRO __GETB2SX
                 	MOVW R26,R28
                 	SUBI R26,LOW(-@0)
                 	SBCI R27,HIGH(-@0)
                 	LD   R26,X
                 	.ENDM
                 
                 	.MACRO __GETW2SX
                 	MOVW R26,R28
                 	SUBI R26,LOW(-@0)
                 	SBCI R27,HIGH(-@0)
                 	CALL __GETW2X
                 	.ENDM
                 
                 	.MACRO __GETD2SX
                 	MOVW R26,R28
                 	SUBI R26,LOW(-@0)
                 	SBCI R27,HIGH(-@0)
                 	CALL __GETD2X
                 	.ENDM
                 
                 	.MACRO __GETBRSX
                 	MOVW R30,R28
                 	SUBI R30,LOW(-@1)
                 	SBCI R31,HIGH(-@1)
                 	LD   R@0,Z
                 	.ENDM
                 
                 	.MACRO __GETWRSX
                 	MOVW R30,R28
                 	SUBI R30,LOW(-@2)
                 	SBCI R31,HIGH(-@2)
                 	LD   R@0,Z+
                 	LD   R@1,Z
                 	.ENDM
                 
                 	.MACRO __GETBRSX2
                 	MOVW R26,R28
                 	SUBI R26,LOW(-@1)
                 	SBCI R27,HIGH(-@1)
                 	LD   R@0,X
                 	.ENDM
                 
                 	.MACRO __GETWRSX2
                 	MOVW R26,R28
                 	SUBI R26,LOW(-@2)
                 	SBCI R27,HIGH(-@2)
                 	LD   R@0,X+
                 	LD   R@1,X
                 	.ENDM
                 
                 	.MACRO __LSLW8SX
                 	MOVW R30,R28
                 	SUBI R30,LOW(-@0)
                 	SBCI R31,HIGH(-@0)
                 	LD   R31,Z
                 	CLR  R30
                 	.ENDM
                 
                 	.MACRO __PUTB1SX
                 	MOVW R26,R28
                 	SUBI R26,LOW(-@0)
                 	SBCI R27,HIGH(-@0)
                 	ST   X,R30
                 	.ENDM
                 
                 	.MACRO __PUTW1SX
                 	MOVW R26,R28
                 	SUBI R26,LOW(-@0)
                 	SBCI R27,HIGH(-@0)
                 	ST   X+,R30
                 	ST   X,R31
                 	.ENDM
                 
                 	.MACRO __PUTD1SX
                 	MOVW R26,R28
                 	SUBI R26,LOW(-@0)
                 	SBCI R27,HIGH(-@0)
                 	ST   X+,R30
                 	ST   X+,R31
                 	ST   X+,R22
                 	ST   X,R23
                 	.ENDM
                 
                 	.MACRO __CLRW1SX
                 	MOVW R26,R28
                 	SUBI R26,LOW(-@0)
                 	SBCI R27,HIGH(-@0)
                 	ST   X+,R30
                 	ST   X,R30
                 	.ENDM
                 
                 	.MACRO __CLRD1SX
                 	MOVW R26,R28
                 	SUBI R26,LOW(-@0)
                 	SBCI R27,HIGH(-@0)
                 	ST   X+,R30
                 	ST   X+,R30
                 	ST   X+,R30
                 	ST   X,R30
                 	.ENDM
                 
                 	.MACRO __PUTB2SX
                 	MOVW R30,R28
                 	SUBI R30,LOW(-@0)
                 	SBCI R31,HIGH(-@0)
                 	ST   Z,R26
                 	.ENDM
                 
                 	.MACRO __PUTW2SX
                 	MOVW R30,R28
                 	SUBI R30,LOW(-@0)
                 	SBCI R31,HIGH(-@0)
                 	ST   Z+,R26
                 	ST   Z,R27
                 	.ENDM
                 
                 	.MACRO __PUTD2SX
                 	MOVW R30,R28
                 	SUBI R30,LOW(-@0)
                 	SBCI R31,HIGH(-@0)
                 	ST   Z+,R26
                 	ST   Z+,R27
                 	ST   Z+,R24
                 	ST   Z,R25
                 	.ENDM
                 
                 	.MACRO __PUTBSRX
                 	MOVW R30,R28
                 	SUBI R30,LOW(-@1)
                 	SBCI R31,HIGH(-@1)
                 	ST   Z,R@0
                 	.ENDM
                 
                 	.MACRO __PUTWSRX
                 	MOVW R30,R28
                 	SUBI R30,LOW(-@2)
                 	SBCI R31,HIGH(-@2)
                 	ST   Z+,R@0
                 	ST   Z,R@1
                 	.ENDM
                 
                 	.MACRO __PUTB1SNX
                 	MOVW R26,R28
                 	SUBI R26,LOW(-@0)
                 	SBCI R27,HIGH(-@0)
                 	LD   R0,X+
                 	LD   R27,X
                 	MOV  R26,R0
                 	SUBI R26,LOW(-@1)
                 	SBCI R27,HIGH(-@1)
                 	ST   X,R30
                 	.ENDM
                 
                 	.MACRO __PUTW1SNX
                 	MOVW R26,R28
                 	SUBI R26,LOW(-@0)
                 	SBCI R27,HIGH(-@0)
                 	LD   R0,X+
                 	LD   R27,X
                 	MOV  R26,R0
                 	SUBI R26,LOW(-@1)
                 	SBCI R27,HIGH(-@1)
                 	ST   X+,R30
                 	ST   X,R31
                 	.ENDM
                 
                 	.MACRO __PUTD1SNX
                 	MOVW R26,R28
                 	SUBI R26,LOW(-@0)
                 	SBCI R27,HIGH(-@0)
                 	LD   R0,X+
                 	LD   R27,X
                 	MOV  R26,R0
                 	SUBI R26,LOW(-@1)
                 	SBCI R27,HIGH(-@1)
                 	ST   X+,R30
                 	ST   X+,R31
                 	ST   X+,R22
                 	ST   X,R23
                 	.ENDM
                 
                 	.MACRO __MULBRR
                 	MULS R@0,R@1
                 	MOVW R30,R0
                 	.ENDM
                 
                 	.MACRO __MULBRRU
                 	MUL  R@0,R@1
                 	MOVW R30,R0
                 	.ENDM
                 
                 	.MACRO __MULBRR0
                 	MULS R@0,R@1
                 	.ENDM
                 
                 	.MACRO __MULBRRU0
                 	MUL  R@0,R@1
                 	.ENDM
                 
                 	.MACRO __MULBNWRU
                 	LDI  R26,@2
                 	MUL  R26,R@0
                 	MOVW R30,R0
                 	MUL  R26,R@1
                 	ADD  R31,R0
                 	.ENDM
                 
                 ;NAME DEFINITIONS FOR GLOBAL VARIABLES ALLOCATED TO REGISTERS
                 	.DEF __lcd_x=R5
                 	.DEF __lcd_y=R4
                 	.DEF __lcd_maxx=R7
                 
                 	.CSEG
                 	.ORG 0x00
                 
                 ;START OF CODE MARKER
                 __START_OF_CODE:
                 
                 ;INTERRUPT VECTORS
000000 940c 0038 	JMP  __RESET
000002 940c 0000 	JMP  0x00
000004 940c 0000 	JMP  0x00
000006 940c 0000 	JMP  0x00
000008 940c 0000 	JMP  0x00
00000a 940c 0000 	JMP  0x00
00000c 940c 0000 	JMP  0x00
00000e 940c 0000 	JMP  0x00
000010 940c 0000 	JMP  0x00
000012 940c 0000 	JMP  0x00
000014 940c 0000 	JMP  0x00
000016 940c 0000 	JMP  0x00
000018 940c 0000 	JMP  0x00
00001a 940c 0000 	JMP  0x00
00001c 940c 0000 	JMP  0x00
00001e 940c 0000 	JMP  0x00
000020 940c 0000 	JMP  0x00
000022 940c 0000 	JMP  0x00
000024 940c 0000 	JMP  0x00
000026 940c 0000 	JMP  0x00
000028 940c 0000 	JMP  0x00
                 
                 _tbl10_G101:
00002a 2710
00002b 03e8
00002c 0064
00002d 000a      	.DB  0x10,0x27,0xE8,0x3,0x64,0x0,0xA,0x0
00002e 0001      	.DB  0x1,0x0
                 _tbl16_G101:
00002f 1000
000030 0100
000031 0010
000032 0001      	.DB  0x0,0x10,0x0,0x1,0x10,0x0,0x1,0x0
                 
                 _0x2000003:
000033 c080      	.DB  0x80,0xC0
                 
                 __GLOBAL_INI_TBL:
000034 0002      	.DW  0x02
000035 0160      	.DW  __base_y_G100
000036 0066      	.DW  _0x2000003*2
                 
                 _0xFFFFFFFF:
000037 0000      	.DW  0
                 
                 #define __GLOBAL_INI_TBL_PRESENT 1
                 
                 __RESET:
000038 94f8      	CLI
                 
000039 27ee      	CLR  R30
00003a bbec      	OUT  EECR,R30
                 
                 ;INTERRUPT VECTORS ARE PLACED
                 ;AT THE START OF FLASH
00003b e0f1      	LDI  R31,1
00003c bffb      	OUT  GICR,R31
00003d bfeb      	OUT  GICR,R30
00003e bfe5      	OUT  MCUCR,R30
                 
                 ;CLEAR R2-R14
00003f e08d      	LDI  R24,(14-2)+1
000040 e0a2      	LDI  R26,2
000041 27bb      	CLR  R27
                 __CLEAR_REG:
000042 93ed      	ST   X+,R30
000043 958a      	DEC  R24
000044 f7e9      	BRNE __CLEAR_REG
                 
                 ;CLEAR SRAM
000045 e080      	LDI  R24,LOW(__CLEAR_SRAM_SIZE)
000046 e094      	LDI  R25,HIGH(__CLEAR_SRAM_SIZE)
000047 e6a0      	LDI  R26,__SRAM_START
                 __CLEAR_SRAM:
000048 93ed      	ST   X+,R30
000049 9701      	SBIW R24,1
00004a f7e9      	BRNE __CLEAR_SRAM
                 
                 ;GLOBAL VARIABLES INITIALIZATION
00004b e6e8      	LDI  R30,LOW(__GLOBAL_INI_TBL*2)
00004c e0f0      	LDI  R31,HIGH(__GLOBAL_INI_TBL*2)
                 __GLOBAL_INI_NEXT:
00004d 9185      	LPM  R24,Z+
00004e 9195      	LPM  R25,Z+
00004f 9700      	SBIW R24,0
000050 f061      	BREQ __GLOBAL_INI_END
000051 91a5      	LPM  R26,Z+
000052 91b5      	LPM  R27,Z+
000053 9005      	LPM  R0,Z+
000054 9015      	LPM  R1,Z+
000055 01bf      	MOVW R22,R30
000056 01f0      	MOVW R30,R0
                 __GLOBAL_INI_LOOP:
000057 9005      	LPM  R0,Z+
000058 920d      	ST   X+,R0
000059 9701      	SBIW R24,1
00005a f7e1      	BRNE __GLOBAL_INI_LOOP
00005b 01fb      	MOVW R30,R22
00005c cff0      	RJMP __GLOBAL_INI_NEXT
                 __GLOBAL_INI_END:
                 
                 ;HARDWARE STACK POINTER INITIALIZATION
00005d e5ef      	LDI  R30,LOW(__SRAM_END-__HEAP_SIZE)
00005e bfed      	OUT  SPL,R30
00005f e0e4      	LDI  R30,HIGH(__SRAM_END-__HEAP_SIZE)
000060 bfee      	OUT  SPH,R30
                 
                 ;DATA STACK POINTER INITIALIZATION
000061 e6c0      	LDI  R28,LOW(__SRAM_START+__DSTACK_SIZE)
000062 e0d1      	LDI  R29,HIGH(__SRAM_START+__DSTACK_SIZE)
                 
000063 940c 0065 	JMP  _main
                 
                 	.ESEG
                 	.ORG 0x00
                 
                 	.DSEG
                 	.ORG 0x160
                 
                 	.CSEG
                 	#ifndef __SLEEP_DEFINED__
                 	#define __SLEEP_DEFINED__
                 	.EQU __se_bit=0x40
                 	.EQU __sm_mask=0xB0
                 	.EQU __sm_powerdown=0x20
                 	.EQU __sm_powersave=0x30
                 	.EQU __sm_standby=0xA0
                 	.EQU __sm_ext_standby=0xB0
                 	.EQU __sm_adc_noise_red=0x10
                 	.SET power_ctrl_reg=mcucr
                 	#endif
                 ;void main(void)
                 ; 0000 0023 {
                 
                 	.CSEG
                 _main:
                 ; .FSTART _main
                 ; 0000 0024 // Declare your local variables here
                 ; 0000 0025 int i = 10;
                 ; 0000 0026 int j = 0;
                 ; 0000 0027 // Input/Output Ports initialization
                 ; 0000 0028 // Port A initialization
                 ; 0000 0029 // Function: Bit7=In Bit6=In Bit5=In Bit4=In Bit3=In Bit2=In Bit1=In Bit0=In
                 ; 0000 002A DDRA=(0<<DDA7) | (0<<DDA6) | (0<<DDA5) | (0<<DDA4) | (0<<DDA3) | (0<<DDA2) | (0<<DDA1) | (0<<DDA0);
                 ;	i -> R16,R17
                 ;	j -> R18,R19
                +
000065 e00a     +LDI R16 , LOW ( 10 )
000066 e010     +LDI R17 , HIGH ( 10 )
                 	__GETWRN 16,17,10
                +
000067 e020     +LDI R18 , LOW ( 0 )
000068 e030     +LDI R19 , HIGH ( 0 )
                 	__GETWRN 18,19,0
000069 e0e0      	LDI  R30,LOW(0)
00006a bbea      	OUT  0x1A,R30
                 ; 0000 002B // State: Bit7=T Bit6=T Bit5=T Bit4=T Bit3=T Bit2=T Bit1=T Bit0=T
                 ; 0000 002C PORTA=(0<<PORTA7) | (0<<PORTA6) | (0<<PORTA5) | (0<<PORTA4) | (0<<PORTA3) | (0<<PORTA2) | (0<<PORTA1) | (0<<PORTA0);
00006b bbeb      	OUT  0x1B,R30
                 ; 0000 002D 
                 ; 0000 002E // Port B initialization
                 ; 0000 002F // Function: Bit7=In Bit6=In Bit5=In Bit4=In Bit3=In Bit2=In Bit1=In Bit0=In
                 ; 0000 0030 DDRB=(0<<DDB7) | (0<<DDB6) | (0<<DDB5) | (0<<DDB4) | (0<<DDB3) | (0<<DDB2) | (0<<DDB1) | (0<<DDB0);
00006c bbe7      	OUT  0x17,R30
                 ; 0000 0031 // State: Bit7=T Bit6=T Bit5=T Bit4=T Bit3=T Bit2=T Bit1=T Bit0=T
                 ; 0000 0032 PORTB=(0<<PORTB7) | (0<<PORTB6) | (0<<PORTB5) | (0<<PORTB4) | (0<<PORTB3) | (0<<PORTB2) | (0<<PORTB1) | (0<<PORTB0);
00006d bbe8      	OUT  0x18,R30
                 ; 0000 0033 
                 ; 0000 0034 // Port C initialization
                 ; 0000 0035 // Function: Bit7=In Bit6=In Bit5=In Bit4=In Bit3=In Bit2=In Bit1=In Bit0=In
                 ; 0000 0036 DDRC=(0<<DDC7) | (0<<DDC6) | (0<<DDC5) | (0<<DDC4) | (0<<DDC3) | (0<<DDC2) | (0<<DDC1) | (0<<DDC0);
00006e bbe4      	OUT  0x14,R30
                 ; 0000 0037 // State: Bit7=T Bit6=T Bit5=T Bit4=T Bit3=T Bit2=T Bit1=T Bit0=T
                 ; 0000 0038 PORTC=(0<<PORTC7) | (0<<PORTC6) | (0<<PORTC5) | (0<<PORTC4) | (0<<PORTC3) | (0<<PORTC2) | (0<<PORTC1) | (0<<PORTC0);
00006f bbe5      	OUT  0x15,R30
                 ; 0000 0039 
                 ; 0000 003A // Port D initialization
                 ; 0000 003B // Function: Bit7=In Bit6=In Bit5=In Bit4=In Bit3=In Bit2=In Bit1=In Bit0=In
                 ; 0000 003C DDRD=(0<<DDD7) | (0<<DDD6) | (0<<DDD5) | (0<<DDD4) | (0<<DDD3) | (0<<DDD2) | (0<<DDD1) | (0<<DDD0);
000070 bbe1      	OUT  0x11,R30
                 ; 0000 003D // State: Bit7=T Bit6=T Bit5=T Bit4=T Bit3=T Bit2=T Bit1=T Bit0=T
                 ; 0000 003E PORTD=(0<<PORTD7) | (0<<PORTD6) | (0<<PORTD5) | (0<<PORTD4) | (0<<PORTD3) | (0<<PORTD2) | (0<<PORTD1) | (0<<PORTD0);
000071 bbe2      	OUT  0x12,R30
                 ; 0000 003F 
                 ; 0000 0040 // Timer/Counter 0 initialization
                 ; 0000 0041 // Clock source: System Clock
                 ; 0000 0042 // Clock value: Timer 0 Stopped
                 ; 0000 0043 // Mode: Normal top=0xFF
                 ; 0000 0044 // OC0 output: Disconnected
                 ; 0000 0045 TCCR0=(0<<WGM00) | (0<<COM01) | (0<<COM00) | (0<<WGM01) | (0<<CS02) | (0<<CS01) | (0<<CS00);
000072 bfe3      	OUT  0x33,R30
                 ; 0000 0046 TCNT0=0x00;
000073 bfe2      	OUT  0x32,R30
                 ; 0000 0047 OCR0=0x00;
000074 bfec      	OUT  0x3C,R30
                 ; 0000 0048 
                 ; 0000 0049 // Timer/Counter 1 initialization
                 ; 0000 004A // Clock source: System Clock
                 ; 0000 004B // Clock value: Timer1 Stopped
                 ; 0000 004C // Mode: Normal top=0xFFFF
                 ; 0000 004D // OC1A output: Disconnected
                 ; 0000 004E // OC1B output: Disconnected
                 ; 0000 004F // Noise Canceler: Off
                 ; 0000 0050 // Input Capture on Falling Edge
                 ; 0000 0051 // Timer1 Overflow Interrupt: Off
                 ; 0000 0052 // Input Capture Interrupt: Off
                 ; 0000 0053 // Compare A Match Interrupt: Off
                 ; 0000 0054 // Compare B Match Interrupt: Off
                 ; 0000 0055 TCCR1A=(0<<COM1A1) | (0<<COM1A0) | (0<<COM1B1) | (0<<COM1B0) | (0<<WGM11) | (0<<WGM10);
000075 bdef      	OUT  0x2F,R30
                 ; 0000 0056 TCCR1B=(0<<ICNC1) | (0<<ICES1) | (0<<WGM13) | (0<<WGM12) | (0<<CS12) | (0<<CS11) | (0<<CS10);
000076 bdee      	OUT  0x2E,R30
                 ; 0000 0057 TCNT1H=0x00;
000077 bded      	OUT  0x2D,R30
                 ; 0000 0058 TCNT1L=0x00;
000078 bdec      	OUT  0x2C,R30
                 ; 0000 0059 ICR1H=0x00;
000079 bde7      	OUT  0x27,R30
                 ; 0000 005A ICR1L=0x00;
00007a bde6      	OUT  0x26,R30
                 ; 0000 005B OCR1AH=0x00;
00007b bdeb      	OUT  0x2B,R30
                 ; 0000 005C OCR1AL=0x00;
00007c bdea      	OUT  0x2A,R30
                 ; 0000 005D OCR1BH=0x00;
00007d bde9      	OUT  0x29,R30
                 ; 0000 005E OCR1BL=0x00;
00007e bde8      	OUT  0x28,R30
                 ; 0000 005F 
                 ; 0000 0060 // Timer/Counter 2 initialization
                 ; 0000 0061 // Clock source: System Clock
                 ; 0000 0062 // Clock value: Timer2 Stopped
                 ; 0000 0063 // Mode: Normal top=0xFF
                 ; 0000 0064 // OC2 output: Disconnected
                 ; 0000 0065 ASSR=0<<AS2;
00007f bde2      	OUT  0x22,R30
                 ; 0000 0066 TCCR2=(0<<PWM2) | (0<<COM21) | (0<<COM20) | (0<<CTC2) | (0<<CS22) | (0<<CS21) | (0<<CS20);
000080 bde5      	OUT  0x25,R30
                 ; 0000 0067 TCNT2=0x00;
000081 bde4      	OUT  0x24,R30
                 ; 0000 0068 OCR2=0x00;
000082 bde3      	OUT  0x23,R30
                 ; 0000 0069 
                 ; 0000 006A // Timer(s)/Counter(s) Interrupt(s) initialization
                 ; 0000 006B TIMSK=(0<<OCIE2) | (0<<TOIE2) | (0<<TICIE1) | (0<<OCIE1A) | (0<<OCIE1B) | (0<<TOIE1) | (0<<OCIE0) | (0<<TOIE0);
000083 bfe9      	OUT  0x39,R30
                 ; 0000 006C 
                 ; 0000 006D // External Interrupt(s) initialization
                 ; 0000 006E // INT0: Off
                 ; 0000 006F // INT1: Off
                 ; 0000 0070 // INT2: Off
                 ; 0000 0071 MCUCR=(0<<ISC11) | (0<<ISC10) | (0<<ISC01) | (0<<ISC00);
000084 bfe5      	OUT  0x35,R30
                 ; 0000 0072 MCUCSR=(0<<ISC2);
000085 bfe4      	OUT  0x34,R30
                 ; 0000 0073 
                 ; 0000 0074 // USART initialization
                 ; 0000 0075 // USART disabled
                 ; 0000 0076 UCSRB=(0<<RXCIE) | (0<<TXCIE) | (0<<UDRIE) | (0<<RXEN) | (0<<TXEN) | (0<<UCSZ2) | (0<<RXB8) | (0<<TXB8);
000086 b9ea      	OUT  0xA,R30
                 ; 0000 0077 
                 ; 0000 0078 // Analog Comparator initialization
                 ; 0000 0079 // Analog Comparator: Off
                 ; 0000 007A // The Analog Comparator's positive input is
                 ; 0000 007B // connected to the AIN0 pin
                 ; 0000 007C // The Analog Comparator's negative input is
                 ; 0000 007D // connected to the AIN1 pin
                 ; 0000 007E ACSR=(1<<ACD) | (0<<ACBG) | (0<<ACO) | (0<<ACI) | (0<<ACIE) | (0<<ACIC) | (0<<ACIS1) | (0<<ACIS0);
000087 e8e0      	LDI  R30,LOW(128)
000088 b9e8      	OUT  0x8,R30
                 ; 0000 007F SFIOR=(0<<ACME);
000089 e0e0      	LDI  R30,LOW(0)
00008a bfe0      	OUT  0x30,R30
                 ; 0000 0080 
                 ; 0000 0081 // ADC initialization
                 ; 0000 0082 // ADC disabled
                 ; 0000 0083 ADCSRA=(0<<ADEN) | (0<<ADSC) | (0<<ADATE) | (0<<ADIF) | (0<<ADIE) | (0<<ADPS2) | (0<<ADPS1) | (0<<ADPS0);
00008b b9e6      	OUT  0x6,R30
                 ; 0000 0084 
                 ; 0000 0085 // SPI initialization
                 ; 0000 0086 // SPI disabled
                 ; 0000 0087 SPCR=(0<<SPIE) | (0<<SPE) | (0<<DORD) | (0<<MSTR) | (0<<CPOL) | (0<<CPHA) | (0<<SPR1) | (0<<SPR0);
00008c b9ed      	OUT  0xD,R30
                 ; 0000 0088 
                 ; 0000 0089 // TWI initialization
                 ; 0000 008A // TWI disabled
                 ; 0000 008B TWCR=(0<<TWEA) | (0<<TWSTA) | (0<<TWSTO) | (0<<TWEN) | (0<<TWIE);
00008d bfe6      	OUT  0x36,R30
                 ; 0000 008C 
                 ; 0000 008D // Alphanumeric LCD initialization
                 ; 0000 008E // Connections are specified in the
                 ; 0000 008F // Project|Configure|C Compiler|Libraries|Alphanumeric LCD menu:
                 ; 0000 0090 // RS: PORTB Bit 0
                 ; 0000 0091 // RD: PORTB Bit 1
                 ; 0000 0092 // EN: PORTB Bit 2
                 ; 0000 0093 // D4: PORTD Bit 4
                 ; 0000 0094 // D5: PORTD Bit 5
                 ; 0000 0095 // D6: PORTD Bit 6
                 ; 0000 0096 // D7: PORTD Bit 7
                 ; 0000 0097 // Characters/line: 16
                 ; 0000 0098 lcd_init(16);
00008e e1a0      	LDI  R26,LOW(16)
00008f d0a8      	RCALL _lcd_init
                 ; 0000 0099 
                 ; 0000 009A /*
                 ; 0000 009B Task 1: Use the I/O ports to control LED1 and LED2
                 ; 0000 009C such that only one LED is on at any given time,
                 ; 0000 009D alternating states every 100ms.
                 ; 0000 009E 
                 ; 0000 009F Status: Done
                 ; 0000 00A0 */
                 ; 0000 00A1 
                 ; 0000 00A2 /*
                 ; 0000 00A3 Task 2: Show 'Hello World' in first row of LCD,
                 ; 0000 00A4 show 0-9 sequentially every 1s.
                 ; 0000 00A5 
                 ; 0000 00A6 Status: Done
                 ; 0000 00A7 */
                 ; 0000 00A8 
                 ; 0000 00A9 // Set both PA3 and PA4 as input
                 ; 0000 00AA DDRA.3 = 1;
000090 9ad3      	SBI  0x1A,3
                 ; 0000 00AB DDRA.4 = 1;
000091 9ad4      	SBI  0x1A,4
                 ; 0000 00AC 
                 ; 0000 00AD // Make one LED on
                 ; 0000 00AE PORTA.3 = 1;
000092 9adb      	SBI  0x1B,3
                 ; 0000 00AF 
                 ; 0000 00B0 lcd_putchar('Z');
000093 e5aa      	LDI  R26,LOW(90)
000094 d090      	RCALL _lcd_putchar
                 ; 0000 00B1 lcd_putchar('H');
000095 e4a8      	LDI  R26,LOW(72)
000096 d08e      	RCALL _lcd_putchar
                 ; 0000 00B2 lcd_putchar('E');
000097 e4a5      	LDI  R26,LOW(69)
000098 d08c      	RCALL _lcd_putchar
                 ; 0000 00B3 lcd_putchar('N');
000099 e4ae      	LDI  R26,LOW(78)
00009a d08a      	RCALL _lcd_putchar
                 ; 0000 00B4 lcd_putchar('G');
00009b e4a7      	LDI  R26,LOW(71)
00009c d088      	RCALL _lcd_putchar
                 ; 0000 00B5 lcd_putchar(' ');
00009d e2a0      	LDI  R26,LOW(32)
00009e d086      	RCALL _lcd_putchar
                 ; 0000 00B6 lcd_putchar('G');
00009f e4a7      	LDI  R26,LOW(71)
0000a0 d084      	RCALL _lcd_putchar
                 ; 0000 00B7 lcd_putchar('r');
0000a1 e7a2      	LDI  R26,LOW(114)
0000a2 d082      	RCALL _lcd_putchar
                 ; 0000 00B8 lcd_putchar('a');
0000a3 e6a1      	LDI  R26,LOW(97)
0000a4 d080      	RCALL _lcd_putchar
                 ; 0000 00B9 lcd_putchar('n');
0000a5 e6ae      	LDI  R26,LOW(110)
0000a6 d07e      	RCALL _lcd_putchar
                 ; 0000 00BA lcd_putchar('d');
0000a7 e6a4      	LDI  R26,LOW(100)
0000a8 d07c      	RCALL _lcd_putchar
                 ; 0000 00BB lcd_putchar(' ');
0000a9 e2a0      	LDI  R26,LOW(32)
0000aa d07a      	RCALL _lcd_putchar
                 ; 0000 00BC lcd_putchar('S');
0000ab e5a3      	LDI  R26,LOW(83)
0000ac d078      	RCALL _lcd_putchar
                 ; 0000 00BD lcd_putchar('l');
0000ad e6ac      	LDI  R26,LOW(108)
0000ae d076      	RCALL _lcd_putchar
                 ; 0000 00BE lcd_putchar('a');
0000af e6a1      	LDI  R26,LOW(97)
0000b0 d074      	RCALL _lcd_putchar
                 ; 0000 00BF lcd_putchar('m');
0000b1 e6ad      	LDI  R26,LOW(109)
0000b2 d072      	RCALL _lcd_putchar
                 ; 0000 00C0 lcd_putchar(':');
0000b3 e3aa      	LDI  R26,LOW(58)
0000b4 d070      	RCALL _lcd_putchar
                 ; 0000 00C1 lcd_putchar(' ');
0000b5 e2a0      	LDI  R26,LOW(32)
0000b6 d06e      	RCALL _lcd_putchar
                 ; 0000 00C2 
                 ; 0000 00C3 while (1)
                 _0x9:
                 ; 0000 00C4 {
                 ; 0000 00C5 // First functionality: Display numbers 0-9 on the LCD every 1s
                 ; 0000 00C6 i--;
                +
0000b7 5001     +SUBI R16 , LOW ( 1 )
0000b8 4010     +SBCI R17 , HIGH ( 1 )
                 	__SUBWRN 16,17,1
                 ; 0000 00C7 
                 ; 0000 00C8 // Second functionality: Switch LEDs states every 100ms
                 ; 0000 00C9 
                 ; 0000 00CA PORTA.3 = PORTA.4;
0000b9 99dc      	SBIC 0x1B,4
0000ba c002      	RJMP _0xC
0000bb 98db      	CBI  0x1B,3
0000bc c001      	RJMP _0xD
                 _0xC:
0000bd 9adb      	SBI  0x1B,3
                 _0xD:
                 ; 0000 00CB PORTA.4 = ~PORTA.4;
0000be 9bdc      	SBIS 0x1B,4
0000bf c002      	RJMP _0xE
0000c0 98dc      	CBI  0x1B,4
0000c1 c001      	RJMP _0xF
                 _0xE:
0000c2 9adc      	SBI  0x1B,4
                 _0xF:
                 ; 0000 00CC delay_ms(100);
0000c3 e6a4      	LDI  R26,LOW(100)
0000c4 e0b0      	LDI  R27,0
0000c5 d0a8      	RCALL _delay_ms
                 ; 0000 00CD 
                 ; 0000 00CE // Check whether 1s passed;
                 ; 0000 00CF // If not, continue switch the LEDs states
                 ; 0000 00D0 if (i > 0) {
0000c6 2400      	CLR  R0
0000c7 1600      	CP   R0,R16
0000c8 0601      	CPC  R0,R17
0000c9 f36c      	BRLT _0x9
                 ; 0000 00D1 continue;
                 ; 0000 00D2 }
                 ; 0000 00D3 i=10;
                +
0000ca e00a     +LDI R16 , LOW ( 10 )
0000cb e010     +LDI R17 , HIGH ( 10 )
                 	__GETWRN 16,17,10
                 ; 0000 00D4 
                 ; 0000 00D5 lcd_putchar((0x39)-j);
0000cc e3e9      	LDI  R30,LOW(57)
0000cd 1be2      	SUB  R30,R18
0000ce 2fae      	MOV  R26,R30
0000cf d055      	RCALL _lcd_putchar
                 ; 0000 00D6 lcd_putchar('?');
0000d0 e3af      	LDI  R26,LOW(63)
0000d1 d053      	RCALL _lcd_putchar
                 ; 0000 00D7 lcd_gotoxy(2,1);
0000d2 e0e2      	LDI  R30,LOW(2)
0000d3 93ea      	ST   -Y,R30
0000d4 e0a1      	LDI  R26,LOW(1)
0000d5 d033      	RCALL _lcd_gotoxy
                 ; 0000 00D8 j++;
                +
0000d6 5f2f     +SUBI R18 , LOW ( - 1 )
0000d7 4f3f     +SBCI R19 , HIGH ( - 1 )
                 	__ADDWRN 18,19,1
                 ; 0000 00D9 if (j==10)
0000d8 e0ea      	LDI  R30,LOW(10)
0000d9 e0f0      	LDI  R31,HIGH(10)
0000da 17e2      	CP   R30,R18
0000db 07f3      	CPC  R31,R19
0000dc f439      	BRNE _0x11
                 ; 0000 00DA {
                 ; 0000 00DB j=0;
                +
0000dd e020     +LDI R18 , LOW ( 0 )
0000de e030     +LDI R19 , HIGH ( 0 )
                 	__GETWRN 18,19,0
                 ; 0000 00DC lcd_putchar('0');
0000df e3a0      	LDI  R26,LOW(48)
0000e0 d044      	RCALL _lcd_putchar
                 ; 0000 00DD lcd_putchar('!');
0000e1 e2a1      	LDI  R26,LOW(33)
0000e2 d042      	RCALL _lcd_putchar
                 ; 0000 00DE break;
0000e3 c001      	RJMP _0xB
                 ; 0000 00DF }
                 ; 0000 00E0 
                 ; 0000 00E1 }
                 _0x11:
0000e4 cfd2      	RJMP _0x9
                 _0xB:
                 ; 0000 00E2 
                 ; 0000 00E3 }
                 _0x12:
0000e5 cfff      	RJMP _0x12
                 ; .FEND
                 	#ifndef __SLEEP_DEFINED__
                 	#endif
                 
                 	.DSEG
                 
                 	.CSEG
                 __lcd_write_nibble_G100:
                 ; .FSTART __lcd_write_nibble_G100
0000e6 931a      	ST   -Y,R17
0000e7 2f1a      	MOV  R17,R26
0000e8 b3e2      	IN   R30,0x12
0000e9 70ef      	ANDI R30,LOW(0xF)
0000ea 2fae      	MOV  R26,R30
0000eb 2fe1      	MOV  R30,R17
0000ec 7fe0      	ANDI R30,LOW(0xF0)
0000ed 2bea      	OR   R30,R26
0000ee bbe2      	OUT  0x12,R30
                +
0000ef e18b     +LDI R24 , LOW ( 27 )
                +__DELAY_USB_LOOP :
0000f0 958a     +DEC R24
0000f1 f7f1     +BRNE __DELAY_USB_LOOP
                 	__DELAY_USB 27
0000f2 9ac2      	SBI  0x18,2
                +
0000f3 e18b     +LDI R24 , LOW ( 27 )
                +__DELAY_USB_LOOP :
0000f4 958a     +DEC R24
0000f5 f7f1     +BRNE __DELAY_USB_LOOP
                 	__DELAY_USB 27
0000f6 98c2      	CBI  0x18,2
                +
0000f7 e18b     +LDI R24 , LOW ( 27 )
                +__DELAY_USB_LOOP :
0000f8 958a     +DEC R24
0000f9 f7f1     +BRNE __DELAY_USB_LOOP
                 	__DELAY_USB 27
0000fa c066      	RJMP _0x2080001
                 ; .FEND
                 __lcd_write_data:
                 ; .FSTART __lcd_write_data
0000fb 93aa      	ST   -Y,R26
0000fc 81a8      	LD   R26,Y
0000fd dfe8      	RCALL __lcd_write_nibble_G100
0000fe 81e8          ld    r30,y
0000ff 95e2          swap  r30
000100 83e8          st    y,r30
000101 81a8      	LD   R26,Y
000102 dfe3      	RCALL __lcd_write_nibble_G100
                +
000103 ec88     +LDI R24 , LOW ( 200 )
000104 e090     +LDI R25 , HIGH ( 200 )
                +__DELAY_USW_LOOP :
000105 9701     +SBIW R24 , 1
000106 f7f1     +BRNE __DELAY_USW_LOOP
                 	__DELAY_USW 200
000107 9621      	ADIW R28,1
000108 9508      	RET
                 ; .FEND
                 _lcd_gotoxy:
                 ; .FSTART _lcd_gotoxy
000109 931a      	ST   -Y,R17
00010a 930a      	ST   -Y,R16
00010b 2f1a      	MOV  R17,R26
00010c 810a      	LDD  R16,Y+2
00010d 2fe1      	MOV  R30,R17
00010e e0f0      	LDI  R31,0
00010f 5ae0      	SUBI R30,LOW(-__base_y_G100)
000110 4ffe      	SBCI R31,HIGH(-__base_y_G100)
000111 81e0      	LD   R30,Z
000112 0fe0      	ADD  R30,R16
000113 2fae      	MOV  R26,R30
000114 dfe6      	RCALL __lcd_write_data
000115 2e50      	MOV  R5,R16
000116 2e41      	MOV  R4,R17
000117 8119      	LDD  R17,Y+1
000118 8108      	LDD  R16,Y+0
000119 9623      	ADIW R28,3
00011a 9508      	RET
                 ; .FEND
                 _lcd_clear:
                 ; .FSTART _lcd_clear
00011b e0a2      	LDI  R26,LOW(2)
00011c d046      	RCALL SUBOPT_0x0
00011d e0ac      	LDI  R26,LOW(12)
00011e dfdc      	RCALL __lcd_write_data
00011f e0a1      	LDI  R26,LOW(1)
000120 d042      	RCALL SUBOPT_0x0
000121 e0e0      	LDI  R30,LOW(0)
000122 2e4e      	MOV  R4,R30
000123 2e5e      	MOV  R5,R30
000124 9508      	RET
                 ; .FEND
                 _lcd_putchar:
                 ; .FSTART _lcd_putchar
000125 931a      	ST   -Y,R17
000126 2f1a      	MOV  R17,R26
000127 301a      	CPI  R17,10
000128 f011      	BREQ _0x2000005
000129 1457      	CP   R5,R7
00012a f038      	BRLO _0x2000004
                 _0x2000005:
00012b e0e0      	LDI  R30,LOW(0)
00012c 93ea      	ST   -Y,R30
00012d 9443      	INC  R4
00012e 2da4      	MOV  R26,R4
00012f dfd9      	RCALL _lcd_gotoxy
000130 301a      	CPI  R17,10
000131 f179      	BREQ _0x2080001
                 _0x2000004:
000132 9453      	INC  R5
000133 9ac0      	SBI  0x18,0
000134 2fa1      	MOV  R26,R17
000135 dfc5      	RCALL __lcd_write_data
000136 98c0      	CBI  0x18,0
000137 c029      	RJMP _0x2080001
                 ; .FEND
                 _lcd_init:
                 ; .FSTART _lcd_init
000138 931a      	ST   -Y,R17
000139 2f1a      	MOV  R17,R26
00013a b3e1      	IN   R30,0x11
00013b 6fe0      	ORI  R30,LOW(0xF0)
00013c bbe1      	OUT  0x11,R30
00013d 9aba      	SBI  0x17,2
00013e 9ab8      	SBI  0x17,0
00013f 9ab9      	SBI  0x17,1
000140 98c2      	CBI  0x18,2
000141 98c0      	CBI  0x18,0
000142 98c1      	CBI  0x18,1
000143 2e71      	MOV  R7,R17
000144 2fe1      	MOV  R30,R17
000145 58e0      	SUBI R30,-LOW(128)
                +
000146 93e0 0162+STS __base_y_G100 + ( 2 ) , R30
                 	__PUTB1MN __base_y_G100,2
000148 2fe1      	MOV  R30,R17
000149 54e0      	SUBI R30,-LOW(192)
                +
00014a 93e0 0163+STS __base_y_G100 + ( 3 ) , R30
                 	__PUTB1MN __base_y_G100,3
00014c e1a4      	LDI  R26,LOW(20)
00014d e0b0      	LDI  R27,0
00014e d01f      	RCALL _delay_ms
00014f d017      	RCALL SUBOPT_0x1
000150 d016      	RCALL SUBOPT_0x1
000151 d015      	RCALL SUBOPT_0x1
000152 e2a0      	LDI  R26,LOW(32)
000153 df92      	RCALL __lcd_write_nibble_G100
                +
000154 e980     +LDI R24 , LOW ( 400 )
000155 e091     +LDI R25 , HIGH ( 400 )
                +__DELAY_USW_LOOP :
000156 9701     +SBIW R24 , 1
000157 f7f1     +BRNE __DELAY_USW_LOOP
                 	__DELAY_USW 400
000158 e2a8      	LDI  R26,LOW(40)
000159 dfa1      	RCALL __lcd_write_data
00015a e0a4      	LDI  R26,LOW(4)
00015b df9f      	RCALL __lcd_write_data
00015c e8a5      	LDI  R26,LOW(133)
00015d df9d      	RCALL __lcd_write_data
00015e e0a6      	LDI  R26,LOW(6)
00015f df9b      	RCALL __lcd_write_data
000160 dfba      	RCALL _lcd_clear
                 _0x2080001:
000161 9119      	LD   R17,Y+
000162 9508      	RET
                 ; .FEND
                 	#ifndef __SLEEP_DEFINED__
                 	#endif
                 
                 	.CSEG
                 
                 	.CSEG
                 
                 	.CSEG
                 
                 	.DSEG
                 __base_y_G100:
000160           	.BYTE 0x4
                 
                 	.CSEG
                 ;OPTIMIZER ADDED SUBROUTINE, CALLED 2 TIMES, CODE SIZE REDUCTION:1 WORDS
                 SUBOPT_0x0:
000163 df97      	RCALL __lcd_write_data
000164 e0a3      	LDI  R26,LOW(3)
000165 e0b0      	LDI  R27,0
000166 c007      	RJMP _delay_ms
                 
                 ;OPTIMIZER ADDED SUBROUTINE, CALLED 3 TIMES, CODE SIZE REDUCTION:8 WORDS
                 SUBOPT_0x1:
000167 e3a0      	LDI  R26,LOW(48)
000168 df7d      	RCALL __lcd_write_nibble_G100
                +
000169 e980     +LDI R24 , LOW ( 400 )
00016a e091     +LDI R25 , HIGH ( 400 )
                +__DELAY_USW_LOOP :
00016b 9701     +SBIW R24 , 1
00016c f7f1     +BRNE __DELAY_USW_LOOP
                 	__DELAY_USW 400
00016d 9508      	RET
                 
                 ;RUNTIME LIBRARY
                 
                 	.CSEG
                 _delay_ms:
00016e 9610      	adiw r26,0
00016f f039      	breq __delay_ms1
                 __delay_ms0:
000170 95a8      	wdr
                +
000171 ea80     +LDI R24 , LOW ( 0xFA0 )
000172 e09f     +LDI R25 , HIGH ( 0xFA0 )
                +__DELAY_USW_LOOP :
000173 9701     +SBIW R24 , 1
000174 f7f1     +BRNE __DELAY_USW_LOOP
                 	__DELAY_USW 0xFA0
000175 9711      	sbiw r26,1
000176 f7c9      	brne __delay_ms0
                 __delay_ms1:
000177 9508      	ret
                 
                 ;END OF CODE MARKER
                 __END_OF_CODE:


RESOURCE USE INFORMATION
------------------------

Notice:
The register and instruction counts are symbol table hit counts,
and hence implicitly used resources are not counted, eg, the
'lpm' instruction without operands implicitly uses r0 and z,
none of which are counted.

x,y,z are separate entities in the symbol table and are
counted separately from r26..r31 here.

.dseg memory usage only counts static data declared with .byte

ATmega16 register use summary:
r0 :   7 r1 :   1 r2 :   0 r3 :   0 r4 :   4 r5 :   4 r6 :   0 r7 :   2 
r8 :   0 r9 :   0 r10:   0 r11:   0 r12:   0 r13:   0 r14:   0 r15:   0 
r16:   9 r17:  23 r18:   5 r19:   4 r20:   0 r21:   0 r22:   2 r23:   0 
r24:  21 r25:   6 r26:  53 r27:   5 r28:   3 r29:   1 r30:  87 r31:   7 
x  :   3 y  :  16 z  :   8 
Registers used: 21 out of 35 (60.0%)

ATmega16 instruction use summary:
.lds  :   0 .lds.l:   0 .sts  :   0 .sts.l:   0 adc   :   0 add   :   1 
adiw  :   3 and   :   0 andi  :   2 asr   :   0 bclr  :   0 bld   :   0 
brbc  :   0 brbs  :   0 brcc  :   0 brcs  :   0 break :   0 breq  :   4 
brge  :   0 brhc  :   0 brhs  :   0 brid  :   0 brie  :   0 brlo  :   1 
brlt  :   1 brmi  :   0 brne  :  12 brpl  :   0 brsh  :   0 brtc  :   0 
brts  :   0 brvc  :   0 brvs  :   0 bset  :   0 bst   :   0 call  :   0 
cbi   :   7 cbr   :   0 clc   :   0 clh   :   0 cli   :   1 cln   :   0 
clr   :   3 cls   :   0 clt   :   0 clv   :   0 clz   :   0 com   :   0 
cp    :   3 cpc   :   2 cpi   :   2 cpse  :   0 dec   :   4 des   :   0 
eor   :   0 fmul  :   0 fmuls :   0 fmulsu:   0 icall :   0 ijmp  :   0 
in    :   2 inc   :   2 jmp   :  22 ld    :   5 ldd   :   3 ldi   :  79 
lds   :   0 lpm   :   7 lsl   :   0 lsr   :   0 mov   :  18 movw  :   3 
mul   :   0 muls  :   0 mulsu :   0 neg   :   0 nop   :   0 or    :   1 
ori   :   1 out   :  42 pop   :   0 push  :   0 rcall :  45 ret   :   6 
reti  :   0 rjmp  :  11 rol   :   0 ror   :   0 sbc   :   0 sbci  :   3 
sbi   :  10 sbic  :   1 sbis  :   1 sbiw  :   8 sbr   :   0 sbrc  :   0 
sbrs  :   0 sec   :   0 seh   :   0 sei   :   0 sen   :   0 ser   :   0 
ses   :   0 set   :   0 sev   :   0 sez   :   0 sleep :   0 spm   :   0 
st    :  12 std   :   0 sts   :   2 sub   :   1 subi  :   5 swap  :   1 
tst   :   0 wdr   :   1 
Instructions used: 40 out of 116 (34.5%)

ATmega16 memory use summary [bytes]:
Segment   Begin    End      Code   Data   Used    Size   Use%
---------------------------------------------------------------
[.cseg] 0x000000 0x0002f0    724     28    752   16384   4.6%
[.dseg] 0x000060 0x000164      0      4      4    1024   0.4%
[.eseg] 0x000000 0x000000      0      0      0     512   0.0%

Assembly complete, 0 errors, 3 warnings
